::1 - - [Sun, 17 Jan 2016 21:33:47 GMT] "GET / HTTP/1.1" 200 1978 "http://localhost:3000/u/test2/2016-1-17/%E5%93%88%E5%93%88" "Mozilla/5.0 (Macintosh; Intel Mac OS X 10_11_4) AppleWebKit/537.36 (KHTML, like Gecko) Chrome/47.0.2526.111 Safari/537.36"
::1 - - [Sun, 17 Jan 2016 21:33:47 GMT] "GET /stylesheets/style.css HTTP/1.1" 200 2001 "http://localhost:3000/" "Mozilla/5.0 (Macintosh; Intel Mac OS X 10_11_4) AppleWebKit/537.36 (KHTML, like Gecko) Chrome/47.0.2526.111 Safari/537.36"
::1 - - [Sun, 17 Jan 2016 21:34:00 GMT] "GET /u/test2/2016-1-17/%E5%93%88%E5%93%88 HTTP/1.1" 200 1872 "http://localhost:3000/" "Mozilla/5.0 (Macintosh; Intel Mac OS X 10_11_4) AppleWebKit/537.36 (KHTML, like Gecko) Chrome/47.0.2526.111 Safari/537.36"
::1 - - [Sun, 17 Jan 2016 21:34:00 GMT] "GET /stylesheets/style.css HTTP/1.1" 304 - "http://localhost:3000/u/test2/2016-1-17/%E5%93%88%E5%93%88" "Mozilla/5.0 (Macintosh; Intel Mac OS X 10_11_4) AppleWebKit/537.36 (KHTML, like Gecko) Chrome/47.0.2526.111 Safari/537.36"
::1 - - [Sun, 17 Jan 2016 21:34:17 GMT] "GET /upload HTTP/1.1" 304 - "http://localhost:3000/u/test2/2016-1-17/%E5%93%88%E5%93%88" "Mozilla/5.0 (Macintosh; Intel Mac OS X 10_11_4) AppleWebKit/537.36 (KHTML, like Gecko) Chrome/47.0.2526.111 Safari/537.36"
::1 - - [Sun, 17 Jan 2016 21:34:17 GMT] "GET /stylesheets/style.css HTTP/1.1" 304 - "http://localhost:3000/upload" "Mozilla/5.0 (Macintosh; Intel Mac OS X 10_11_4) AppleWebKit/537.36 (KHTML, like Gecko) Chrome/47.0.2526.111 Safari/537.36"
::1 - - [Sun, 17 Jan 2016 21:34:24 GMT] "POST /upload HTTP/1.1" 302 58 "http://localhost:3000/upload" "Mozilla/5.0 (Macintosh; Intel Mac OS X 10_11_4) AppleWebKit/537.36 (KHTML, like Gecko) Chrome/47.0.2526.111 Safari/537.36"
::1 - - [Sun, 17 Jan 2016 21:34:24 GMT] "GET /upload HTTP/1.1" 200 1205 "http://localhost:3000/upload" "Mozilla/5.0 (Macintosh; Intel Mac OS X 10_11_4) AppleWebKit/537.36 (KHTML, like Gecko) Chrome/47.0.2526.111 Safari/537.36"
::1 - - [Sun, 17 Jan 2016 21:34:24 GMT] "GET /stylesheets/style.css HTTP/1.1" 304 - "http://localhost:3000/upload" "Mozilla/5.0 (Macintosh; Intel Mac OS X 10_11_4) AppleWebKit/537.36 (KHTML, like Gecko) Chrome/47.0.2526.111 Safari/537.36"
::1 - - [Sun, 17 Jan 2016 21:34:30 GMT] "GET / HTTP/1.1" 304 - "http://localhost:3000/upload" "Mozilla/5.0 (Macintosh; Intel Mac OS X 10_11_4) AppleWebKit/537.36 (KHTML, like Gecko) Chrome/47.0.2526.111 Safari/537.36"
::1 - - [Sun, 17 Jan 2016 21:34:30 GMT] "GET /stylesheets/style.css HTTP/1.1" 304 - "http://localhost:3000/" "Mozilla/5.0 (Macintosh; Intel Mac OS X 10_11_4) AppleWebKit/537.36 (KHTML, like Gecko) Chrome/47.0.2526.111 Safari/537.36"
::1 - - [Sun, 17 Jan 2016 21:34:36 GMT] "GET /logout HTTP/1.1" 302 46 "http://localhost:3000/" "Mozilla/5.0 (Macintosh; Intel Mac OS X 10_11_4) AppleWebKit/537.36 (KHTML, like Gecko) Chrome/47.0.2526.111 Safari/537.36"
::1 - - [Sun, 17 Jan 2016 21:34:36 GMT] "GET / HTTP/1.1" 200 1957 "http://localhost:3000/" "Mozilla/5.0 (Macintosh; Intel Mac OS X 10_11_4) AppleWebKit/537.36 (KHTML, like Gecko) Chrome/47.0.2526.111 Safari/537.36"
::1 - - [Sun, 17 Jan 2016 21:34:36 GMT] "GET /stylesheets/style.css HTTP/1.1" 304 - "http://localhost:3000/" "Mozilla/5.0 (Macintosh; Intel Mac OS X 10_11_4) AppleWebKit/537.36 (KHTML, like Gecko) Chrome/47.0.2526.111 Safari/537.36"
::1 - - [Sun, 17 Jan 2016 21:34:46 GMT] "GET /u/test2 HTTP/1.1" 200 1905 "http://localhost:3000/" "Mozilla/5.0 (Macintosh; Intel Mac OS X 10_11_4) AppleWebKit/537.36 (KHTML, like Gecko) Chrome/47.0.2526.111 Safari/537.36"
::1 - - [Sun, 17 Jan 2016 21:34:46 GMT] "GET /stylesheets/style.css HTTP/1.1" 304 - "http://localhost:3000/u/test2" "Mozilla/5.0 (Macintosh; Intel Mac OS X 10_11_4) AppleWebKit/537.36 (KHTML, like Gecko) Chrome/47.0.2526.111 Safari/537.36"
::1 - - [Sun, 17 Jan 2016 21:34:47 GMT] "GET / HTTP/1.1" 200 1921 "http://localhost:3000/u/test2" "Mozilla/5.0 (Macintosh; Intel Mac OS X 10_11_4) AppleWebKit/537.36 (KHTML, like Gecko) Chrome/47.0.2526.111 Safari/537.36"
::1 - - [Sun, 17 Jan 2016 21:34:47 GMT] "GET /stylesheets/style.css HTTP/1.1" 304 - "http://localhost:3000/" "Mozilla/5.0 (Macintosh; Intel Mac OS X 10_11_4) AppleWebKit/537.36 (KHTML, like Gecko) Chrome/47.0.2526.111 Safari/537.36"
::1 - - [Sun, 17 Jan 2016 21:34:57 GMT] "GET /tags HTTP/1.1" 200 1088 "http://localhost:3000/" "Mozilla/5.0 (Macintosh; Intel Mac OS X 10_11_4) AppleWebKit/537.36 (KHTML, like Gecko) Chrome/47.0.2526.111 Safari/537.36"
::1 - - [Sun, 17 Jan 2016 21:34:57 GMT] "GET /stylesheets/style.css HTTP/1.1" 304 - "http://localhost:3000/tags" "Mozilla/5.0 (Macintosh; Intel Mac OS X 10_11_4) AppleWebKit/537.36 (KHTML, like Gecko) Chrome/47.0.2526.111 Safari/537.36"
::1 - - [Sun, 17 Jan 2016 21:35:01 GMT] "GET / HTTP/1.1" 304 - "http://localhost:3000/tags" "Mozilla/5.0 (Macintosh; Intel Mac OS X 10_11_4) AppleWebKit/537.36 (KHTML, like Gecko) Chrome/47.0.2526.111 Safari/537.36"
::1 - - [Sun, 17 Jan 2016 21:35:01 GMT] "GET /stylesheets/style.css HTTP/1.1" 304 - "http://localhost:3000/" "Mozilla/5.0 (Macintosh; Intel Mac OS X 10_11_4) AppleWebKit/537.36 (KHTML, like Gecko) Chrome/47.0.2526.111 Safari/537.36"
::1 - - [Sun, 17 Jan 2016 21:35:58 GMT] "GET / HTTP/1.1" 200 1912 "-" "Mozilla/5.0 (Macintosh; Intel Mac OS X 10_11_4) AppleWebKit/537.36 (KHTML, like Gecko) Chrome/47.0.2526.111 Safari/537.36"
::1 - - [Sun, 17 Jan 2016 21:35:58 GMT] "GET /stylesheets/style.css HTTP/1.1" 304 - "http://localhost:3000/" "Mozilla/5.0 (Macintosh; Intel Mac OS X 10_11_4) AppleWebKit/537.36 (KHTML, like Gecko) Chrome/47.0.2526.111 Safari/537.36"
::1 - - [Sun, 17 Jan 2016 21:35:59 GMT] "GET / HTTP/1.1" 304 - "http://localhost:3000/" "Mozilla/5.0 (Macintosh; Intel Mac OS X 10_11_4) AppleWebKit/537.36 (KHTML, like Gecko) Chrome/47.0.2526.111 Safari/537.36"
::1 - - [Sun, 17 Jan 2016 21:35:59 GMT] "GET /stylesheets/style.css HTTP/1.1" 304 - "http://localhost:3000/" "Mozilla/5.0 (Macintosh; Intel Mac OS X 10_11_4) AppleWebKit/537.36 (KHTML, like Gecko) Chrome/47.0.2526.111 Safari/537.36"
::1 - - [Sun, 17 Jan 2016 21:36:00 GMT] "GET /archive HTTP/1.1" 200 1158 "http://localhost:3000/" "Mozilla/5.0 (Macintosh; Intel Mac OS X 10_11_4) AppleWebKit/537.36 (KHTML, like Gecko) Chrome/47.0.2526.111 Safari/537.36"
::1 - - [Sun, 17 Jan 2016 21:36:00 GMT] "GET /stylesheets/style.css HTTP/1.1" 304 - "http://localhost:3000/archive" "Mozilla/5.0 (Macintosh; Intel Mac OS X 10_11_4) AppleWebKit/537.36 (KHTML, like Gecko) Chrome/47.0.2526.111 Safari/537.36"
::1 - - [Sun, 17 Jan 2016 21:36:01 GMT] "GET /tags HTTP/1.1" 304 - "http://localhost:3000/archive" "Mozilla/5.0 (Macintosh; Intel Mac OS X 10_11_4) AppleWebKit/537.36 (KHTML, like Gecko) Chrome/47.0.2526.111 Safari/537.36"
::1 - - [Sun, 17 Jan 2016 21:36:01 GMT] "GET /stylesheets/style.css HTTP/1.1" 304 - "http://localhost:3000/tags" "Mozilla/5.0 (Macintosh; Intel Mac OS X 10_11_4) AppleWebKit/537.36 (KHTML, like Gecko) Chrome/47.0.2526.111 Safari/537.36"
::1 - - [Sun, 17 Jan 2016 21:36:01 GMT] "GET /tags HTTP/1.1" 304 - "http://localhost:3000/tags" "Mozilla/5.0 (Macintosh; Intel Mac OS X 10_11_4) AppleWebKit/537.36 (KHTML, like Gecko) Chrome/47.0.2526.111 Safari/537.36"
::1 - - [Sun, 17 Jan 2016 21:36:01 GMT] "GET /stylesheets/style.css HTTP/1.1" 304 - "http://localhost:3000/tags" "Mozilla/5.0 (Macintosh; Intel Mac OS X 10_11_4) AppleWebKit/537.36 (KHTML, like Gecko) Chrome/47.0.2526.111 Safari/537.36"
::1 - - [Sun, 17 Jan 2016 21:36:03 GMT] "GET /links HTTP/1.1" 200 984 "http://localhost:3000/tags" "Mozilla/5.0 (Macintosh; Intel Mac OS X 10_11_4) AppleWebKit/537.36 (KHTML, like Gecko) Chrome/47.0.2526.111 Safari/537.36"
::1 - - [Sun, 17 Jan 2016 21:36:03 GMT] "GET /stylesheets/style.css HTTP/1.1" 304 - "http://localhost:3000/links" "Mozilla/5.0 (Macintosh; Intel Mac OS X 10_11_4) AppleWebKit/537.36 (KHTML, like Gecko) Chrome/47.0.2526.111 Safari/537.36"
::1 - - [Sun, 17 Jan 2016 21:36:04 GMT] "GET /login HTTP/1.1" 200 970 "http://localhost:3000/links" "Mozilla/5.0 (Macintosh; Intel Mac OS X 10_11_4) AppleWebKit/537.36 (KHTML, like Gecko) Chrome/47.0.2526.111 Safari/537.36"
::1 - - [Sun, 17 Jan 2016 21:36:04 GMT] "GET /stylesheets/style.css HTTP/1.1" 304 - "http://localhost:3000/login" "Mozilla/5.0 (Macintosh; Intel Mac OS X 10_11_4) AppleWebKit/537.36 (KHTML, like Gecko) Chrome/47.0.2526.111 Safari/537.36"
::1 - - [Sun, 17 Jan 2016 21:36:06 GMT] "GET /tags HTTP/1.1" 304 - "http://localhost:3000/login" "Mozilla/5.0 (Macintosh; Intel Mac OS X 10_11_4) AppleWebKit/537.36 (KHTML, like Gecko) Chrome/47.0.2526.111 Safari/537.36"
::1 - - [Sun, 17 Jan 2016 21:36:06 GMT] "GET /stylesheets/style.css HTTP/1.1" 304 - "http://localhost:3000/tags" "Mozilla/5.0 (Macintosh; Intel Mac OS X 10_11_4) AppleWebKit/537.36 (KHTML, like Gecko) Chrome/47.0.2526.111 Safari/537.36"
::1 - - [Sun, 17 Jan 2016 21:36:06 GMT] "GET /archive HTTP/1.1" 304 - "http://localhost:3000/tags" "Mozilla/5.0 (Macintosh; Intel Mac OS X 10_11_4) AppleWebKit/537.36 (KHTML, like Gecko) Chrome/47.0.2526.111 Safari/537.36"
::1 - - [Sun, 17 Jan 2016 21:36:06 GMT] "GET /stylesheets/style.css HTTP/1.1" 304 - "http://localhost:3000/archive" "Mozilla/5.0 (Macintosh; Intel Mac OS X 10_11_4) AppleWebKit/537.36 (KHTML, like Gecko) Chrome/47.0.2526.111 Safari/537.36"
::1 - - [Sun, 17 Jan 2016 21:36:10 GMT] "GET / HTTP/1.1" 304 - "http://localhost:3000/archive" "Mozilla/5.0 (Macintosh; Intel Mac OS X 10_11_4) AppleWebKit/537.36 (KHTML, like Gecko) Chrome/47.0.2526.111 Safari/537.36"
::1 - - [Sun, 17 Jan 2016 21:36:10 GMT] "GET /stylesheets/style.css HTTP/1.1" 304 - "http://localhost:3000/" "Mozilla/5.0 (Macintosh; Intel Mac OS X 10_11_4) AppleWebKit/537.36 (KHTML, like Gecko) Chrome/47.0.2526.111 Safari/537.36"
::1 - - [Sun, 17 Jan 2016 21:36:31 GMT] "GET /u/test2/2016-1-17/%E5%93%88%E5%93%88 HTTP/1.1" 200 1617 "http://localhost:3000/" "Mozilla/5.0 (Macintosh; Intel Mac OS X 10_11_4) AppleWebKit/537.36 (KHTML, like Gecko) Chrome/47.0.2526.111 Safari/537.36"
::1 - - [Sun, 17 Jan 2016 21:36:31 GMT] "GET /stylesheets/style.css HTTP/1.1" 304 - "http://localhost:3000/u/test2/2016-1-17/%E5%93%88%E5%93%88" "Mozilla/5.0 (Macintosh; Intel Mac OS X 10_11_4) AppleWebKit/537.36 (KHTML, like Gecko) Chrome/47.0.2526.111 Safari/537.36"
::1 - - [Sun, 17 Jan 2016 21:36:39 GMT] "GET /test2 HTTP/1.1" 404 2013 "http://localhost:3000/u/test2/2016-1-17/%E5%93%88%E5%93%88" "Mozilla/5.0 (Macintosh; Intel Mac OS X 10_11_4) AppleWebKit/537.36 (KHTML, like Gecko) Chrome/47.0.2526.111 Safari/537.36"
::1 - - [Sun, 17 Jan 2016 21:36:52 GMT] "GET /u/test2 HTTP/1.1" 304 - "http://localhost:3000/u/test2/2016-1-17/%E5%93%88%E5%93%88" "Mozilla/5.0 (Macintosh; Intel Mac OS X 10_11_4) AppleWebKit/537.36 (KHTML, like Gecko) Chrome/47.0.2526.111 Safari/537.36"
::1 - - [Sun, 17 Jan 2016 21:36:52 GMT] "GET /stylesheets/style.css HTTP/1.1" 304 - "http://localhost:3000/u/test2" "Mozilla/5.0 (Macintosh; Intel Mac OS X 10_11_4) AppleWebKit/537.36 (KHTML, like Gecko) Chrome/47.0.2526.111 Safari/537.36"
::1 - - [Sun, 17 Jan 2016 21:36:54 GMT] "GET /u/test2 HTTP/1.1" 304 - "http://localhost:3000/u/test2" "Mozilla/5.0 (Macintosh; Intel Mac OS X 10_11_4) AppleWebKit/537.36 (KHTML, like Gecko) Chrome/47.0.2526.111 Safari/537.36"
::1 - - [Sun, 17 Jan 2016 21:36:54 GMT] "GET /stylesheets/style.css HTTP/1.1" 304 - "http://localhost:3000/u/test2" "Mozilla/5.0 (Macintosh; Intel Mac OS X 10_11_4) AppleWebKit/537.36 (KHTML, like Gecko) Chrome/47.0.2526.111 Safari/537.36"
::1 - - [Sun, 17 Jan 2016 21:36:55 GMT] "GET /u/test2 HTTP/1.1" 304 - "http://localhost:3000/u/test2" "Mozilla/5.0 (Macintosh; Intel Mac OS X 10_11_4) AppleWebKit/537.36 (KHTML, like Gecko) Chrome/47.0.2526.111 Safari/537.36"
::1 - - [Sun, 17 Jan 2016 21:36:55 GMT] "GET /stylesheets/style.css HTTP/1.1" 304 - "http://localhost:3000/u/test2" "Mozilla/5.0 (Macintosh; Intel Mac OS X 10_11_4) AppleWebKit/537.36 (KHTML, like Gecko) Chrome/47.0.2526.111 Safari/537.36"
::1 - - [Sun, 17 Jan 2016 21:36:55 GMT] "GET /u/test2/2016-1-17/%E5%93%88%E5%93%88 HTTP/1.1" 200 1617 "http://localhost:3000/u/test2" "Mozilla/5.0 (Macintosh; Intel Mac OS X 10_11_4) AppleWebKit/537.36 (KHTML, like Gecko) Chrome/47.0.2526.111 Safari/537.36"
::1 - - [Sun, 17 Jan 2016 21:36:55 GMT] "GET /stylesheets/style.css HTTP/1.1" 304 - "http://localhost:3000/u/test2/2016-1-17/%E5%93%88%E5%93%88" "Mozilla/5.0 (Macintosh; Intel Mac OS X 10_11_4) AppleWebKit/537.36 (KHTML, like Gecko) Chrome/47.0.2526.111 Safari/537.36"
::1 - - [Sun, 17 Jan 2016 21:36:56 GMT] "GET /test2 HTTP/1.1" 404 2013 "http://localhost:3000/u/test2/2016-1-17/%E5%93%88%E5%93%88" "Mozilla/5.0 (Macintosh; Intel Mac OS X 10_11_4) AppleWebKit/537.36 (KHTML, like Gecko) Chrome/47.0.2526.111 Safari/537.36"
::1 - - [Sun, 17 Jan 2016 21:37:44 GMT] "GET /test2 HTTP/1.1" 404 2013 "http://localhost:3000/u/test2/2016-1-17/%E5%93%88%E5%93%88" "Mozilla/5.0 (Macintosh; Intel Mac OS X 10_11_4) AppleWebKit/537.36 (KHTML, like Gecko) Chrome/47.0.2526.111 Safari/537.36"
::1 - - [Sun, 17 Jan 2016 21:39:18 GMT] "GET /u/test2/2016-1-17/%E5%93%88%E5%93%88 HTTP/1.1" 200 1620 "-" "Mozilla/5.0 (Macintosh; Intel Mac OS X 10_11_4) AppleWebKit/537.36 (KHTML, like Gecko) Chrome/47.0.2526.111 Safari/537.36"
::1 - - [Sun, 17 Jan 2016 21:39:18 GMT] "GET /stylesheets/style.css HTTP/1.1" 304 - "http://localhost:3000/u/test2/2016-1-17/%E5%93%88%E5%93%88" "Mozilla/5.0 (Macintosh; Intel Mac OS X 10_11_4) AppleWebKit/537.36 (KHTML, like Gecko) Chrome/47.0.2526.111 Safari/537.36"
::1 - - [Sun, 17 Jan 2016 21:39:19 GMT] "GET /u/test2 HTTP/1.1" 304 - "http://localhost:3000/u/test2/2016-1-17/%E5%93%88%E5%93%88" "Mozilla/5.0 (Macintosh; Intel Mac OS X 10_11_4) AppleWebKit/537.36 (KHTML, like Gecko) Chrome/47.0.2526.111 Safari/537.36"
::1 - - [Sun, 17 Jan 2016 21:39:19 GMT] "GET /stylesheets/style.css HTTP/1.1" 304 - "http://localhost:3000/u/test2" "Mozilla/5.0 (Macintosh; Intel Mac OS X 10_11_4) AppleWebKit/537.36 (KHTML, like Gecko) Chrome/47.0.2526.111 Safari/537.36"
::1 - - [Sun, 17 Jan 2016 21:39:20 GMT] "GET /u/test2/2016-1-17/%E5%93%88%E5%93%88 HTTP/1.1" 200 1620 "http://localhost:3000/u/test2" "Mozilla/5.0 (Macintosh; Intel Mac OS X 10_11_4) AppleWebKit/537.36 (KHTML, like Gecko) Chrome/47.0.2526.111 Safari/537.36"
::1 - - [Sun, 17 Jan 2016 21:39:20 GMT] "GET /stylesheets/style.css HTTP/1.1" 304 - "http://localhost:3000/u/test2/2016-1-17/%E5%93%88%E5%93%88" "Mozilla/5.0 (Macintosh; Intel Mac OS X 10_11_4) AppleWebKit/537.36 (KHTML, like Gecko) Chrome/47.0.2526.111 Safari/537.36"
::1 - - [Sun, 17 Jan 2016 21:39:21 GMT] "GET /u//test2 HTTP/1.1" 404 2013 "http://localhost:3000/u/test2/2016-1-17/%E5%93%88%E5%93%88" "Mozilla/5.0 (Macintosh; Intel Mac OS X 10_11_4) AppleWebKit/537.36 (KHTML, like Gecko) Chrome/47.0.2526.111 Safari/537.36"
::1 - - [Sun, 17 Jan 2016 21:44:20 GMT] "GET /login HTTP/1.1" 304 - "http://localhost:3000/u/test2/2016-1-17/%E5%93%88%E5%93%88" "Mozilla/5.0 (Macintosh; Intel Mac OS X 10_11_4) AppleWebKit/537.36 (KHTML, like Gecko) Chrome/47.0.2526.111 Safari/537.36"
::1 - - [Sun, 17 Jan 2016 21:44:20 GMT] "GET /stylesheets/style.css HTTP/1.1" 304 - "http://localhost:3000/login" "Mozilla/5.0 (Macintosh; Intel Mac OS X 10_11_4) AppleWebKit/537.36 (KHTML, like Gecko) Chrome/47.0.2526.111 Safari/537.36"
::1 - - [Sun, 17 Jan 2016 21:44:25 GMT] "POST /login HTTP/1.1" 302 46 "http://localhost:3000/login" "Mozilla/5.0 (Macintosh; Intel Mac OS X 10_11_4) AppleWebKit/537.36 (KHTML, like Gecko) Chrome/47.0.2526.111 Safari/537.36"
::1 - - [Sun, 17 Jan 2016 21:44:25 GMT] "GET / HTTP/1.1" 200 2005 "http://localhost:3000/login" "Mozilla/5.0 (Macintosh; Intel Mac OS X 10_11_4) AppleWebKit/537.36 (KHTML, like Gecko) Chrome/47.0.2526.111 Safari/537.36"
::1 - - [Sun, 17 Jan 2016 21:44:25 GMT] "GET /stylesheets/style.css HTTP/1.1" 304 - "http://localhost:3000/" "Mozilla/5.0 (Macintosh; Intel Mac OS X 10_11_4) AppleWebKit/537.36 (KHTML, like Gecko) Chrome/47.0.2526.111 Safari/537.36"
::1 - - [Sun, 17 Jan 2016 21:44:27 GMT] "GET /u/test2/2016-1-17/%E5%93%88%E5%93%88 HTTP/1.1" 200 1878 "http://localhost:3000/" "Mozilla/5.0 (Macintosh; Intel Mac OS X 10_11_4) AppleWebKit/537.36 (KHTML, like Gecko) Chrome/47.0.2526.111 Safari/537.36"
::1 - - [Sun, 17 Jan 2016 21:44:27 GMT] "GET /stylesheets/style.css HTTP/1.1" 304 - "http://localhost:3000/u/test2/2016-1-17/%E5%93%88%E5%93%88" "Mozilla/5.0 (Macintosh; Intel Mac OS X 10_11_4) AppleWebKit/537.36 (KHTML, like Gecko) Chrome/47.0.2526.111 Safari/537.36"
::1 - - [Sun, 17 Jan 2016 21:44:32 GMT] "POST /u/test2/2016-1-17/%E5%93%88%E5%93%88 HTTP/1.1" 500 2114 "http://localhost:3000/u/test2/2016-1-17/%E5%93%88%E5%93%88" "Mozilla/5.0 (Macintosh; Intel Mac OS X 10_11_4) AppleWebKit/537.36 (KHTML, like Gecko) Chrome/47.0.2526.111 Safari/537.36"
::1 - - [Sun, 17 Jan 2016 21:44:46 GMT] "POST /u/test2/2016-1-17/%E5%93%88%E5%93%88 HTTP/1.1" 500 2114 "http://localhost:3000/u/test2/2016-1-17/%E5%93%88%E5%93%88" "Mozilla/5.0 (Macintosh; Intel Mac OS X 10_11_4) AppleWebKit/537.36 (KHTML, like Gecko) Chrome/47.0.2526.111 Safari/537.36"
::1 - - [Sun, 17 Jan 2016 21:46:09 GMT] "GET /u/test2/2016-1-17/%E5%93%88%E5%93%88 HTTP/1.1" 200 1878 "-" "Mozilla/5.0 (Macintosh; Intel Mac OS X 10_11_4) AppleWebKit/537.36 (KHTML, like Gecko) Chrome/47.0.2526.111 Safari/537.36"
::1 - - [Sun, 17 Jan 2016 21:46:09 GMT] "GET /stylesheets/style.css HTTP/1.1" 304 - "http://localhost:3000/u/test2/2016-1-17/%E5%93%88%E5%93%88" "Mozilla/5.0 (Macintosh; Intel Mac OS X 10_11_4) AppleWebKit/537.36 (KHTML, like Gecko) Chrome/47.0.2526.111 Safari/537.36"
::1 - - [Sun, 17 Jan 2016 21:46:13 GMT] "POST /u/test2/2016-1-17/%E5%93%88%E5%93%88 HTTP/1.1" 500 2114 "http://localhost:3000/u/test2/2016-1-17/%E5%93%88%E5%93%88" "Mozilla/5.0 (Macintosh; Intel Mac OS X 10_11_4) AppleWebKit/537.36 (KHTML, like Gecko) Chrome/47.0.2526.111 Safari/537.36"
::1 - - [Sun, 17 Jan 2016 21:47:39 GMT] "GET /u/test2/2016-1-17/%E5%93%88%E5%93%88 HTTP/1.1" 200 1878 "-" "Mozilla/5.0 (Macintosh; Intel Mac OS X 10_11_4) AppleWebKit/537.36 (KHTML, like Gecko) Chrome/47.0.2526.111 Safari/537.36"
::1 - - [Sun, 17 Jan 2016 21:47:39 GMT] "GET /stylesheets/style.css HTTP/1.1" 304 - "http://localhost:3000/u/test2/2016-1-17/%E5%93%88%E5%93%88" "Mozilla/5.0 (Macintosh; Intel Mac OS X 10_11_4) AppleWebKit/537.36 (KHTML, like Gecko) Chrome/47.0.2526.111 Safari/537.36"
::1 - - [Sun, 17 Jan 2016 21:47:41 GMT] "POST /u/test2/2016-1-17/%E5%93%88%E5%93%88 HTTP/1.1" 302 160 "http://localhost:3000/u/test2/2016-1-17/%E5%93%88%E5%93%88" "Mozilla/5.0 (Macintosh; Intel Mac OS X 10_11_4) AppleWebKit/537.36 (KHTML, like Gecko) Chrome/47.0.2526.111 Safari/537.36"
::1 - - [Sun, 17 Jan 2016 21:47:41 GMT] "GET /u/test2/2016-1-17/%E5%93%88%E5%93%88 HTTP/1.1" 200 2163 "http://localhost:3000/u/test2/2016-1-17/%E5%93%88%E5%93%88" "Mozilla/5.0 (Macintosh; Intel Mac OS X 10_11_4) AppleWebKit/537.36 (KHTML, like Gecko) Chrome/47.0.2526.111 Safari/537.36"
::1 - - [Sun, 17 Jan 2016 21:47:41 GMT] "GET /stylesheets/style.css HTTP/1.1" 304 - "http://localhost:3000/u/test2/2016-1-17/%E5%93%88%E5%93%88" "Mozilla/5.0 (Macintosh; Intel Mac OS X 10_11_4) AppleWebKit/537.36 (KHTML, like Gecko) Chrome/47.0.2526.111 Safari/537.36"
::1 - - [Sun, 17 Jan 2016 21:48:02 GMT] "GET /logout HTTP/1.1" 302 46 "http://localhost:3000/u/test2/2016-1-17/%E5%93%88%E5%93%88" "Mozilla/5.0 (Macintosh; Intel Mac OS X 10_11_4) AppleWebKit/537.36 (KHTML, like Gecko) Chrome/47.0.2526.111 Safari/537.36"
::1 - - [Sun, 17 Jan 2016 21:48:02 GMT] "GET / HTTP/1.1" 200 1948 "http://localhost:3000/u/test2/2016-1-17/%E5%93%88%E5%93%88" "Mozilla/5.0 (Macintosh; Intel Mac OS X 10_11_4) AppleWebKit/537.36 (KHTML, like Gecko) Chrome/47.0.2526.111 Safari/537.36"
::1 - - [Sun, 17 Jan 2016 21:48:02 GMT] "GET /stylesheets/style.css HTTP/1.1" 304 - "http://localhost:3000/" "Mozilla/5.0 (Macintosh; Intel Mac OS X 10_11_4) AppleWebKit/537.36 (KHTML, like Gecko) Chrome/47.0.2526.111 Safari/537.36"
::1 - - [Sun, 17 Jan 2016 21:48:05 GMT] "GET /u/test2/2016-1-17/%E5%93%88%E5%93%88 HTTP/1.1" 200 1870 "http://localhost:3000/" "Mozilla/5.0 (Macintosh; Intel Mac OS X 10_11_4) AppleWebKit/537.36 (KHTML, like Gecko) Chrome/47.0.2526.111 Safari/537.36"
::1 - - [Sun, 17 Jan 2016 21:48:05 GMT] "GET /stylesheets/style.css HTTP/1.1" 304 - "http://localhost:3000/u/test2/2016-1-17/%E5%93%88%E5%93%88" "Mozilla/5.0 (Macintosh; Intel Mac OS X 10_11_4) AppleWebKit/537.36 (KHTML, like Gecko) Chrome/47.0.2526.111 Safari/537.36"
::1 - - [Sun, 17 Jan 2016 21:48:28 GMT] "POST /u/test2/2016-1-17/%E5%93%88%E5%93%88 HTTP/1.1" 302 160 "http://localhost:3000/u/test2/2016-1-17/%E5%93%88%E5%93%88" "Mozilla/5.0 (Macintosh; Intel Mac OS X 10_11_4) AppleWebKit/537.36 (KHTML, like Gecko) Chrome/47.0.2526.111 Safari/537.36"
::1 - - [Sun, 17 Jan 2016 21:48:28 GMT] "GET /u/test2/2016-1-17/%E5%93%88%E5%93%88 HTTP/1.1" 200 2169 "http://localhost:3000/u/test2/2016-1-17/%E5%93%88%E5%93%88" "Mozilla/5.0 (Macintosh; Intel Mac OS X 10_11_4) AppleWebKit/537.36 (KHTML, like Gecko) Chrome/47.0.2526.111 Safari/537.36"
::1 - - [Sun, 17 Jan 2016 21:48:28 GMT] "GET /stylesheets/style.css HTTP/1.1" 304 - "http://localhost:3000/u/test2/2016-1-17/%E5%93%88%E5%93%88" "Mozilla/5.0 (Macintosh; Intel Mac OS X 10_11_4) AppleWebKit/537.36 (KHTML, like Gecko) Chrome/47.0.2526.111 Safari/537.36"
::1 - - [Sun, 17 Jan 2016 21:48:36 GMT] "GET /u/http://www.baidu.com HTTP/1.1" 404 2013 "http://localhost:3000/u/test2/2016-1-17/%E5%93%88%E5%93%88" "Mozilla/5.0 (Macintosh; Intel Mac OS X 10_11_4) AppleWebKit/537.36 (KHTML, like Gecko) Chrome/47.0.2526.111 Safari/537.36"
::1 - - [Sun, 17 Jan 2016 21:50:46 GMT] "GET /u/test2/2016-1-17/%E5%93%88%E5%93%88 HTTP/1.1" 200 1827 "-" "Mozilla/5.0 (Macintosh; Intel Mac OS X 10_11_4) AppleWebKit/537.36 (KHTML, like Gecko) Chrome/47.0.2526.111 Safari/537.36"
::1 - - [Sun, 17 Jan 2016 21:50:46 GMT] "GET /stylesheets/style.css HTTP/1.1" 304 - "http://localhost:3000/u/test2/2016-1-17/%E5%93%88%E5%93%88" "Mozilla/5.0 (Macintosh; Intel Mac OS X 10_11_4) AppleWebKit/537.36 (KHTML, like Gecko) Chrome/47.0.2526.111 Safari/537.36"
::1 - - [Sun, 17 Jan 2016 21:50:50 GMT] "GET /login HTTP/1.1" 200 970 "http://localhost:3000/u/test2/2016-1-17/%E5%93%88%E5%93%88" "Mozilla/5.0 (Macintosh; Intel Mac OS X 10_11_4) AppleWebKit/537.36 (KHTML, like Gecko) Chrome/47.0.2526.111 Safari/537.36"
::1 - - [Sun, 17 Jan 2016 21:50:50 GMT] "GET /stylesheets/style.css HTTP/1.1" 304 - "http://localhost:3000/login" "Mozilla/5.0 (Macintosh; Intel Mac OS X 10_11_4) AppleWebKit/537.36 (KHTML, like Gecko) Chrome/47.0.2526.111 Safari/537.36"
::1 - - [Sun, 17 Jan 2016 21:50:54 GMT] "POST /login HTTP/1.1" 302 46 "http://localhost:3000/login" "Mozilla/5.0 (Macintosh; Intel Mac OS X 10_11_4) AppleWebKit/537.36 (KHTML, like Gecko) Chrome/47.0.2526.111 Safari/537.36"
::1 - - [Sun, 17 Jan 2016 21:50:54 GMT] "GET / HTTP/1.1" 200 2005 "http://localhost:3000/login" "Mozilla/5.0 (Macintosh; Intel Mac OS X 10_11_4) AppleWebKit/537.36 (KHTML, like Gecko) Chrome/47.0.2526.111 Safari/537.36"
::1 - - [Sun, 17 Jan 2016 21:50:54 GMT] "GET /stylesheets/style.css HTTP/1.1" 304 - "http://localhost:3000/" "Mozilla/5.0 (Macintosh; Intel Mac OS X 10_11_4) AppleWebKit/537.36 (KHTML, like Gecko) Chrome/47.0.2526.111 Safari/537.36"
::1 - - [Sun, 17 Jan 2016 21:50:56 GMT] "GET /u/test2/2016-1-17/%E5%93%88%E5%93%88 HTTP/1.1" 200 2396 "http://localhost:3000/" "Mozilla/5.0 (Macintosh; Intel Mac OS X 10_11_4) AppleWebKit/537.36 (KHTML, like Gecko) Chrome/47.0.2526.111 Safari/537.36"
::1 - - [Sun, 17 Jan 2016 21:50:56 GMT] "GET /stylesheets/style.css HTTP/1.1" 304 - "http://localhost:3000/u/test2/2016-1-17/%E5%93%88%E5%93%88" "Mozilla/5.0 (Macintosh; Intel Mac OS X 10_11_4) AppleWebKit/537.36 (KHTML, like Gecko) Chrome/47.0.2526.111 Safari/537.36"
::1 - - [Sun, 17 Jan 2016 21:51:36 GMT] "GET / HTTP/1.1" 200 1969 "http://localhost:3000/u/test2/2016-1-17/%E5%93%88%E5%93%88" "Mozilla/5.0 (Macintosh; Intel Mac OS X 10_11_4) AppleWebKit/537.36 (KHTML, like Gecko) Chrome/47.0.2526.111 Safari/537.36"
::1 - - [Sun, 17 Jan 2016 21:51:36 GMT] "GET /stylesheets/style.css HTTP/1.1" 304 - "http://localhost:3000/" "Mozilla/5.0 (Macintosh; Intel Mac OS X 10_11_4) AppleWebKit/537.36 (KHTML, like Gecko) Chrome/47.0.2526.111 Safari/537.36"
::1 - - [Sun, 17 Jan 2016 21:51:38 GMT] "GET /archive HTTP/1.1" 200 1215 "http://localhost:3000/" "Mozilla/5.0 (Macintosh; Intel Mac OS X 10_11_4) AppleWebKit/537.36 (KHTML, like Gecko) Chrome/47.0.2526.111 Safari/537.36"
::1 - - [Sun, 17 Jan 2016 21:51:38 GMT] "GET /stylesheets/style.css HTTP/1.1" 304 - "http://localhost:3000/archive" "Mozilla/5.0 (Macintosh; Intel Mac OS X 10_11_4) AppleWebKit/537.36 (KHTML, like Gecko) Chrome/47.0.2526.111 Safari/537.36"
::1 - - [Sun, 17 Jan 2016 21:51:39 GMT] "GET /tags HTTP/1.1" 200 1145 "http://localhost:3000/archive" "Mozilla/5.0 (Macintosh; Intel Mac OS X 10_11_4) AppleWebKit/537.36 (KHTML, like Gecko) Chrome/47.0.2526.111 Safari/537.36"
::1 - - [Sun, 17 Jan 2016 21:51:39 GMT] "GET /stylesheets/style.css HTTP/1.1" 304 - "http://localhost:3000/tags" "Mozilla/5.0 (Macintosh; Intel Mac OS X 10_11_4) AppleWebKit/537.36 (KHTML, like Gecko) Chrome/47.0.2526.111 Safari/537.36"
::1 - - [Sun, 17 Jan 2016 21:51:40 GMT] "GET /links HTTP/1.1" 200 1041 "http://localhost:3000/tags" "Mozilla/5.0 (Macintosh; Intel Mac OS X 10_11_4) AppleWebKit/537.36 (KHTML, like Gecko) Chrome/47.0.2526.111 Safari/537.36"
::1 - - [Sun, 17 Jan 2016 21:51:40 GMT] "GET /stylesheets/style.css HTTP/1.1" 304 - "http://localhost:3000/links" "Mozilla/5.0 (Macintosh; Intel Mac OS X 10_11_4) AppleWebKit/537.36 (KHTML, like Gecko) Chrome/47.0.2526.111 Safari/537.36"
::1 - - [Sun, 17 Jan 2016 21:51:42 GMT] "GET /upload HTTP/1.1" 200 1163 "http://localhost:3000/links" "Mozilla/5.0 (Macintosh; Intel Mac OS X 10_11_4) AppleWebKit/537.36 (KHTML, like Gecko) Chrome/47.0.2526.111 Safari/537.36"
::1 - - [Sun, 17 Jan 2016 21:51:42 GMT] "GET /stylesheets/style.css HTTP/1.1" 304 - "http://localhost:3000/upload" "Mozilla/5.0 (Macintosh; Intel Mac OS X 10_11_4) AppleWebKit/537.36 (KHTML, like Gecko) Chrome/47.0.2526.111 Safari/537.36"
::1 - - [Sun, 17 Jan 2016 21:51:43 GMT] "GET /post HTTP/1.1" 200 1174 "http://localhost:3000/upload" "Mozilla/5.0 (Macintosh; Intel Mac OS X 10_11_4) AppleWebKit/537.36 (KHTML, like Gecko) Chrome/47.0.2526.111 Safari/537.36"
::1 - - [Sun, 17 Jan 2016 21:51:43 GMT] "GET /stylesheets/style.css HTTP/1.1" 304 - "http://localhost:3000/post" "Mozilla/5.0 (Macintosh; Intel Mac OS X 10_11_4) AppleWebKit/537.36 (KHTML, like Gecko) Chrome/47.0.2526.111 Safari/537.36"
::1 - - [Sun, 17 Jan 2016 21:51:45 GMT] "GET /logout HTTP/1.1" 302 46 "http://localhost:3000/post" "Mozilla/5.0 (Macintosh; Intel Mac OS X 10_11_4) AppleWebKit/537.36 (KHTML, like Gecko) Chrome/47.0.2526.111 Safari/537.36"
::1 - - [Sun, 17 Jan 2016 21:51:45 GMT] "GET / HTTP/1.1" 200 1948 "http://localhost:3000/post" "Mozilla/5.0 (Macintosh; Intel Mac OS X 10_11_4) AppleWebKit/537.36 (KHTML, like Gecko) Chrome/47.0.2526.111 Safari/537.36"
::1 - - [Sun, 17 Jan 2016 21:51:45 GMT] "GET /stylesheets/style.css HTTP/1.1" 304 - "http://localhost:3000/" "Mozilla/5.0 (Macintosh; Intel Mac OS X 10_11_4) AppleWebKit/537.36 (KHTML, like Gecko) Chrome/47.0.2526.111 Safari/537.36"
::1 - - [Sun, 17 Jan 2016 22:05:04 GMT] "GET / HTTP/1.1" 200 1912 "-" "Mozilla/5.0 (Macintosh; Intel Mac OS X 10_11_4) AppleWebKit/537.36 (KHTML, like Gecko) Chrome/47.0.2526.111 Safari/537.36"
::1 - - [Sun, 17 Jan 2016 22:05:04 GMT] "GET /stylesheets/style.css HTTP/1.1" 304 - "http://localhost:3000/" "Mozilla/5.0 (Macintosh; Intel Mac OS X 10_11_4) AppleWebKit/537.36 (KHTML, like Gecko) Chrome/47.0.2526.111 Safari/537.36"
::1 - - [Sun, 17 Jan 2016 22:20:10 GMT] "GET / HTTP/1.1" 304 - "-" "Mozilla/5.0 (Macintosh; Intel Mac OS X 10_11_4) AppleWebKit/537.36 (KHTML, like Gecko) Chrome/47.0.2526.111 Safari/537.36"
::1 - - [Sun, 17 Jan 2016 22:20:10 GMT] "GET /stylesheets/style.css HTTP/1.1" 304 - "http://localhost:3000/" "Mozilla/5.0 (Macintosh; Intel Mac OS X 10_11_4) AppleWebKit/537.36 (KHTML, like Gecko) Chrome/47.0.2526.111 Safari/537.36"
::1 - - [Mon, 18 Jan 2016 07:38:28 GMT] "GET / HTTP/1.1" 200 1912 "-" "Mozilla/5.0 (Macintosh; Intel Mac OS X 10_11_4) AppleWebKit/537.36 (KHTML, like Gecko) Chrome/47.0.2526.111 Safari/537.36"
::1 - - [Mon, 18 Jan 2016 07:38:33 GMT] "GET /stylesheets/style.css HTTP/1.1" 200 2001 "http://localhost:3000/" "Mozilla/5.0 (Macintosh; Intel Mac OS X 10_11_4) AppleWebKit/537.36 (KHTML, like Gecko) Chrome/47.0.2526.111 Safari/537.36"
::1 - - [Mon, 18 Jan 2016 07:38:33 GMT] "GET / HTTP/1.1" 304 - "http://localhost:3000/" "Mozilla/5.0 (Macintosh; Intel Mac OS X 10_11_4) AppleWebKit/537.36 (KHTML, like Gecko) Chrome/47.0.2526.111 Safari/537.36"
::1 - - [Mon, 18 Jan 2016 07:38:33 GMT] "GET /stylesheets/style.css HTTP/1.1" 304 - "http://localhost:3000/" "Mozilla/5.0 (Macintosh; Intel Mac OS X 10_11_4) AppleWebKit/537.36 (KHTML, like Gecko) Chrome/47.0.2526.111 Safari/537.36"
::1 - - [Mon, 18 Jan 2016 07:53:15 GMT] "GET / HTTP/1.1" 500 2070 "-" "Mozilla/5.0 (Macintosh; Intel Mac OS X 10_11_4) AppleWebKit/537.36 (KHTML, like Gecko) Chrome/47.0.2526.111 Safari/537.36"
::1 - - [Mon, 18 Jan 2016 15:54:46 GMT] "GET / HTTP/1.1" 500 2070 "-" "Mozilla/5.0 (Macintosh; Intel Mac OS X 10_11_4) AppleWebKit/537.36 (KHTML, like Gecko) Chrome/47.0.2526.111 Safari/537.36"
::1 - - [Mon, 18 Jan 2016 15:57:54 GMT] "GET / HTTP/1.1" 500 2064 "-" "Mozilla/5.0 (Macintosh; Intel Mac OS X 10_11_4) AppleWebKit/537.36 (KHTML, like Gecko) Chrome/47.0.2526.111 Safari/537.36"
::1 - - [Mon, 18 Jan 2016 16:04:12 GMT] "GET / HTTP/1.1" 200 1912 "-" "Mozilla/5.0 (Macintosh; Intel Mac OS X 10_11_4) AppleWebKit/537.36 (KHTML, like Gecko) Chrome/47.0.2526.111 Safari/537.36"
::1 - - [Mon, 18 Jan 2016 16:04:12 GMT] "GET /stylesheets/style.css HTTP/1.1" 200 2001 "http://localhost:3000/" "Mozilla/5.0 (Macintosh; Intel Mac OS X 10_11_4) AppleWebKit/537.36 (KHTML, like Gecko) Chrome/47.0.2526.111 Safari/537.36"
::1 - - [Mon, 18 Jan 2016 16:04:14 GMT] "GET /archive HTTP/1.1" 200 1158 "http://localhost:3000/" "Mozilla/5.0 (Macintosh; Intel Mac OS X 10_11_4) AppleWebKit/537.36 (KHTML, like Gecko) Chrome/47.0.2526.111 Safari/537.36"
::1 - - [Mon, 18 Jan 2016 16:04:14 GMT] "GET /stylesheets/style.css HTTP/1.1" 304 - "http://localhost:3000/archive" "Mozilla/5.0 (Macintosh; Intel Mac OS X 10_11_4) AppleWebKit/537.36 (KHTML, like Gecko) Chrome/47.0.2526.111 Safari/537.36"
::1 - - [Mon, 18 Jan 2016 16:04:15 GMT] "GET / HTTP/1.1" 304 - "http://localhost:3000/archive" "Mozilla/5.0 (Macintosh; Intel Mac OS X 10_11_4) AppleWebKit/537.36 (KHTML, like Gecko) Chrome/47.0.2526.111 Safari/537.36"
::1 - - [Mon, 18 Jan 2016 16:04:15 GMT] "GET /stylesheets/style.css HTTP/1.1" 304 - "http://localhost:3000/" "Mozilla/5.0 (Macintosh; Intel Mac OS X 10_11_4) AppleWebKit/537.36 (KHTML, like Gecko) Chrome/47.0.2526.111 Safari/537.36"
::1 - - [Mon, 18 Jan 2016 16:04:16 GMT] "GET /tags HTTP/1.1" 200 1088 "http://localhost:3000/" "Mozilla/5.0 (Macintosh; Intel Mac OS X 10_11_4) AppleWebKit/537.36 (KHTML, like Gecko) Chrome/47.0.2526.111 Safari/537.36"
::1 - - [Mon, 18 Jan 2016 16:04:16 GMT] "GET /stylesheets/style.css HTTP/1.1" 304 - "http://localhost:3000/tags" "Mozilla/5.0 (Macintosh; Intel Mac OS X 10_11_4) AppleWebKit/537.36 (KHTML, like Gecko) Chrome/47.0.2526.111 Safari/537.36"
::1 - - [Mon, 18 Jan 2016 16:04:17 GMT] "GET /links HTTP/1.1" 200 984 "http://localhost:3000/tags" "Mozilla/5.0 (Macintosh; Intel Mac OS X 10_11_4) AppleWebKit/537.36 (KHTML, like Gecko) Chrome/47.0.2526.111 Safari/537.36"
::1 - - [Mon, 18 Jan 2016 16:04:17 GMT] "GET /stylesheets/style.css HTTP/1.1" 304 - "http://localhost:3000/links" "Mozilla/5.0 (Macintosh; Intel Mac OS X 10_11_4) AppleWebKit/537.36 (KHTML, like Gecko) Chrome/47.0.2526.111 Safari/537.36"
::1 - - [Mon, 18 Jan 2016 16:04:17 GMT] "GET /login HTTP/1.1" 200 970 "http://localhost:3000/links" "Mozilla/5.0 (Macintosh; Intel Mac OS X 10_11_4) AppleWebKit/537.36 (KHTML, like Gecko) Chrome/47.0.2526.111 Safari/537.36"
::1 - - [Mon, 18 Jan 2016 16:04:18 GMT] "GET /stylesheets/style.css HTTP/1.1" 304 - "http://localhost:3000/login" "Mozilla/5.0 (Macintosh; Intel Mac OS X 10_11_4) AppleWebKit/537.36 (KHTML, like Gecko) Chrome/47.0.2526.111 Safari/537.36"
::1 - - [Mon, 18 Jan 2016 16:04:18 GMT] "GET /register HTTP/1.1" 200 1089 "http://localhost:3000/login" "Mozilla/5.0 (Macintosh; Intel Mac OS X 10_11_4) AppleWebKit/537.36 (KHTML, like Gecko) Chrome/47.0.2526.111 Safari/537.36"
::1 - - [Mon, 18 Jan 2016 16:04:18 GMT] "GET /stylesheets/style.css HTTP/1.1" 304 - "http://localhost:3000/register" "Mozilla/5.0 (Macintosh; Intel Mac OS X 10_11_4) AppleWebKit/537.36 (KHTML, like Gecko) Chrome/47.0.2526.111 Safari/537.36"
::1 - - [Tue, 19 Jan 2016 04:16:16 GMT] "GET /login HTTP/1.1" 200 970 "-" "Mozilla/5.0 (Macintosh; Intel Mac OS X 10_11_4) AppleWebKit/537.36 (KHTML, like Gecko) Chrome/47.0.2526.111 Safari/537.36"
::1 - - [Tue, 19 Jan 2016 04:16:16 GMT] "GET /stylesheets/style.css HTTP/1.1" 200 2001 "http://localhost:3000/login" "Mozilla/5.0 (Macintosh; Intel Mac OS X 10_11_4) AppleWebKit/537.36 (KHTML, like Gecko) Chrome/47.0.2526.111 Safari/537.36"
::1 - - [Tue, 19 Jan 2016 04:16:18 GMT] "GET / HTTP/1.1" 200 1912 "http://localhost:3000/login" "Mozilla/5.0 (Macintosh; Intel Mac OS X 10_11_4) AppleWebKit/537.36 (KHTML, like Gecko) Chrome/47.0.2526.111 Safari/537.36"
::1 - - [Tue, 19 Jan 2016 04:16:18 GMT] "GET /stylesheets/style.css HTTP/1.1" 304 - "http://localhost:3000/" "Mozilla/5.0 (Macintosh; Intel Mac OS X 10_11_4) AppleWebKit/537.36 (KHTML, like Gecko) Chrome/47.0.2526.111 Safari/537.36"
::1 - - [Tue, 19 Jan 2016 04:20:12 GMT] "GET / HTTP/1.1" 304 - "-" "Mozilla/5.0 (Macintosh; Intel Mac OS X 10_11_4) AppleWebKit/537.36 (KHTML, like Gecko) Chrome/47.0.2526.111 Safari/537.36"
::1 - - [Tue, 19 Jan 2016 04:20:12 GMT] "GET /stylesheets/style.css HTTP/1.1" 304 - "http://localhost:3000/" "Mozilla/5.0 (Macintosh; Intel Mac OS X 10_11_4) AppleWebKit/537.36 (KHTML, like Gecko) Chrome/47.0.2526.111 Safari/537.36"
::1 - - [Tue, 19 Jan 2016 04:20:14 GMT] "GET / HTTP/1.1" 304 - "-" "Mozilla/5.0 (Macintosh; Intel Mac OS X 10_11_4) AppleWebKit/537.36 (KHTML, like Gecko) Chrome/47.0.2526.111 Safari/537.36"
::1 - - [Tue, 19 Jan 2016 04:20:14 GMT] "GET /stylesheets/style.css HTTP/1.1" 304 - "http://localhost:3000/" "Mozilla/5.0 (Macintosh; Intel Mac OS X 10_11_4) AppleWebKit/537.36 (KHTML, like Gecko) Chrome/47.0.2526.111 Safari/537.36"
::1 - - [Tue, 19 Jan 2016 04:20:15 GMT] "GET / HTTP/1.1" 304 - "http://localhost:3000/" "Mozilla/5.0 (Macintosh; Intel Mac OS X 10_11_4) AppleWebKit/537.36 (KHTML, like Gecko) Chrome/47.0.2526.111 Safari/537.36"
::1 - - [Tue, 19 Jan 2016 04:20:15 GMT] "GET /stylesheets/style.css HTTP/1.1" 304 - "http://localhost:3000/" "Mozilla/5.0 (Macintosh; Intel Mac OS X 10_11_4) AppleWebKit/537.36 (KHTML, like Gecko) Chrome/47.0.2526.111 Safari/537.36"
::1 - - [Tue, 19 Jan 2016 04:20:16 GMT] "GET /archive HTTP/1.1" 304 - "http://localhost:3000/" "Mozilla/5.0 (Macintosh; Intel Mac OS X 10_11_4) AppleWebKit/537.36 (KHTML, like Gecko) Chrome/47.0.2526.111 Safari/537.36"
::1 - - [Tue, 19 Jan 2016 04:20:16 GMT] "GET /stylesheets/style.css HTTP/1.1" 304 - "http://localhost:3000/archive" "Mozilla/5.0 (Macintosh; Intel Mac OS X 10_11_4) AppleWebKit/537.36 (KHTML, like Gecko) Chrome/47.0.2526.111 Safari/537.36"
::1 - - [Tue, 19 Jan 2016 04:20:17 GMT] "GET /tags HTTP/1.1" 304 - "http://localhost:3000/archive" "Mozilla/5.0 (Macintosh; Intel Mac OS X 10_11_4) AppleWebKit/537.36 (KHTML, like Gecko) Chrome/47.0.2526.111 Safari/537.36"
::1 - - [Tue, 19 Jan 2016 04:20:17 GMT] "GET /stylesheets/style.css HTTP/1.1" 304 - "http://localhost:3000/tags" "Mozilla/5.0 (Macintosh; Intel Mac OS X 10_11_4) AppleWebKit/537.36 (KHTML, like Gecko) Chrome/47.0.2526.111 Safari/537.36"
::1 - - [Tue, 19 Jan 2016 04:20:17 GMT] "GET /links HTTP/1.1" 304 - "http://localhost:3000/tags" "Mozilla/5.0 (Macintosh; Intel Mac OS X 10_11_4) AppleWebKit/537.36 (KHTML, like Gecko) Chrome/47.0.2526.111 Safari/537.36"
::1 - - [Tue, 19 Jan 2016 04:20:18 GMT] "GET /stylesheets/style.css HTTP/1.1" 304 - "http://localhost:3000/links" "Mozilla/5.0 (Macintosh; Intel Mac OS X 10_11_4) AppleWebKit/537.36 (KHTML, like Gecko) Chrome/47.0.2526.111 Safari/537.36"
::1 - - [Tue, 19 Jan 2016 04:20:18 GMT] "GET /login HTTP/1.1" 304 - "http://localhost:3000/links" "Mozilla/5.0 (Macintosh; Intel Mac OS X 10_11_4) AppleWebKit/537.36 (KHTML, like Gecko) Chrome/47.0.2526.111 Safari/537.36"
::1 - - [Tue, 19 Jan 2016 04:20:18 GMT] "GET /stylesheets/style.css HTTP/1.1" 304 - "http://localhost:3000/login" "Mozilla/5.0 (Macintosh; Intel Mac OS X 10_11_4) AppleWebKit/537.36 (KHTML, like Gecko) Chrome/47.0.2526.111 Safari/537.36"
::1 - - [Tue, 19 Jan 2016 04:20:19 GMT] "GET /register HTTP/1.1" 200 1089 "http://localhost:3000/login" "Mozilla/5.0 (Macintosh; Intel Mac OS X 10_11_4) AppleWebKit/537.36 (KHTML, like Gecko) Chrome/47.0.2526.111 Safari/537.36"
::1 - - [Tue, 19 Jan 2016 04:20:19 GMT] "GET /stylesheets/style.css HTTP/1.1" 304 - "http://localhost:3000/register" "Mozilla/5.0 (Macintosh; Intel Mac OS X 10_11_4) AppleWebKit/537.36 (KHTML, like Gecko) Chrome/47.0.2526.111 Safari/537.36"
::1 - - [Tue, 19 Jan 2016 04:20:20 GMT] "GET / HTTP/1.1" 304 - "http://localhost:3000/register" "Mozilla/5.0 (Macintosh; Intel Mac OS X 10_11_4) AppleWebKit/537.36 (KHTML, like Gecko) Chrome/47.0.2526.111 Safari/537.36"
::1 - - [Tue, 19 Jan 2016 04:20:20 GMT] "GET /stylesheets/style.css HTTP/1.1" 304 - "http://localhost:3000/" "Mozilla/5.0 (Macintosh; Intel Mac OS X 10_11_4) AppleWebKit/537.36 (KHTML, like Gecko) Chrome/47.0.2526.111 Safari/537.36"
::1 - - [Tue, 19 Jan 2016 04:20:27 GMT] "GET /login HTTP/1.1" 304 - "http://localhost:3000/" "Mozilla/5.0 (Macintosh; Intel Mac OS X 10_11_4) AppleWebKit/537.36 (KHTML, like Gecko) Chrome/47.0.2526.111 Safari/537.36"
::1 - - [Tue, 19 Jan 2016 04:20:27 GMT] "GET /stylesheets/style.css HTTP/1.1" 304 - "http://localhost:3000/login" "Mozilla/5.0 (Macintosh; Intel Mac OS X 10_11_4) AppleWebKit/537.36 (KHTML, like Gecko) Chrome/47.0.2526.111 Safari/537.36"
::1 - - [Tue, 19 Jan 2016 04:20:39 GMT] "POST /login HTTP/1.1" 302 56 "http://localhost:3000/login" "Mozilla/5.0 (Macintosh; Intel Mac OS X 10_11_4) AppleWebKit/537.36 (KHTML, like Gecko) Chrome/47.0.2526.111 Safari/537.36"
::1 - - [Tue, 19 Jan 2016 04:20:39 GMT] "GET /login HTTP/1.1" 200 1010 "http://localhost:3000/login" "Mozilla/5.0 (Macintosh; Intel Mac OS X 10_11_4) AppleWebKit/537.36 (KHTML, like Gecko) Chrome/47.0.2526.111 Safari/537.36"
::1 - - [Tue, 19 Jan 2016 04:20:39 GMT] "GET /stylesheets/style.css HTTP/1.1" 304 - "http://localhost:3000/login" "Mozilla/5.0 (Macintosh; Intel Mac OS X 10_11_4) AppleWebKit/537.36 (KHTML, like Gecko) Chrome/47.0.2526.111 Safari/537.36"
::1 - - [Tue, 19 Jan 2016 04:20:43 GMT] "GET /register HTTP/1.1" 304 - "http://localhost:3000/login" "Mozilla/5.0 (Macintosh; Intel Mac OS X 10_11_4) AppleWebKit/537.36 (KHTML, like Gecko) Chrome/47.0.2526.111 Safari/537.36"
::1 - - [Tue, 19 Jan 2016 04:20:43 GMT] "GET /stylesheets/style.css HTTP/1.1" 304 - "http://localhost:3000/register" "Mozilla/5.0 (Macintosh; Intel Mac OS X 10_11_4) AppleWebKit/537.36 (KHTML, like Gecko) Chrome/47.0.2526.111 Safari/537.36"
::1 - - [Tue, 19 Jan 2016 04:22:14 GMT] "GET /register HTTP/1.1" 304 - "-" "Mozilla/5.0 (Macintosh; Intel Mac OS X 10_11_4) AppleWebKit/537.36 (KHTML, like Gecko) Chrome/47.0.2526.111 Safari/537.36"
::1 - - [Tue, 19 Jan 2016 04:22:14 GMT] "GET /stylesheets/style.css HTTP/1.1" 304 - "http://localhost:3000/register" "Mozilla/5.0 (Macintosh; Intel Mac OS X 10_11_4) AppleWebKit/537.36 (KHTML, like Gecko) Chrome/47.0.2526.111 Safari/537.36"
::1 - - [Tue, 19 Jan 2016 04:22:23 GMT] "POST /register HTTP/1.1" 302 46 "http://localhost:3000/register" "Mozilla/5.0 (Macintosh; Intel Mac OS X 10_11_4) AppleWebKit/537.36 (KHTML, like Gecko) Chrome/47.0.2526.111 Safari/537.36"
::1 - - [Tue, 19 Jan 2016 04:22:23 GMT] "GET / HTTP/1.1" 200 1948 "http://localhost:3000/register" "Mozilla/5.0 (Macintosh; Intel Mac OS X 10_11_4) AppleWebKit/537.36 (KHTML, like Gecko) Chrome/47.0.2526.111 Safari/537.36"
::1 - - [Tue, 19 Jan 2016 04:22:23 GMT] "GET /stylesheets/style.css HTTP/1.1" 304 - "http://localhost:3000/" "Mozilla/5.0 (Macintosh; Intel Mac OS X 10_11_4) AppleWebKit/537.36 (KHTML, like Gecko) Chrome/47.0.2526.111 Safari/537.36"
::1 - - [Tue, 19 Jan 2016 04:23:03 GMT] "GET /login HTTP/1.1" 200 970 "http://localhost:3000/" "Mozilla/5.0 (Macintosh; Intel Mac OS X 10_11_4) AppleWebKit/537.36 (KHTML, like Gecko) Chrome/47.0.2526.111 Safari/537.36"
::1 - - [Tue, 19 Jan 2016 04:23:03 GMT] "GET /stylesheets/style.css HTTP/1.1" 304 - "http://localhost:3000/login" "Mozilla/5.0 (Macintosh; Intel Mac OS X 10_11_4) AppleWebKit/537.36 (KHTML, like Gecko) Chrome/47.0.2526.111 Safari/537.36"
::1 - - [Tue, 19 Jan 2016 04:23:13 GMT] "POST /login HTTP/1.1" 302 46 "http://localhost:3000/login" "Mozilla/5.0 (Macintosh; Intel Mac OS X 10_11_4) AppleWebKit/537.36 (KHTML, like Gecko) Chrome/47.0.2526.111 Safari/537.36"
::1 - - [Tue, 19 Jan 2016 04:23:13 GMT] "GET / HTTP/1.1" 200 2005 "http://localhost:3000/login" "Mozilla/5.0 (Macintosh; Intel Mac OS X 10_11_4) AppleWebKit/537.36 (KHTML, like Gecko) Chrome/47.0.2526.111 Safari/537.36"
::1 - - [Tue, 19 Jan 2016 04:23:13 GMT] "GET /stylesheets/style.css HTTP/1.1" 304 - "http://localhost:3000/" "Mozilla/5.0 (Macintosh; Intel Mac OS X 10_11_4) AppleWebKit/537.36 (KHTML, like Gecko) Chrome/47.0.2526.111 Safari/537.36"
::1 - - [Tue, 19 Jan 2016 04:23:20 GMT] "GET /post HTTP/1.1" 200 1174 "http://localhost:3000/" "Mozilla/5.0 (Macintosh; Intel Mac OS X 10_11_4) AppleWebKit/537.36 (KHTML, like Gecko) Chrome/47.0.2526.111 Safari/537.36"
::1 - - [Tue, 19 Jan 2016 04:23:20 GMT] "GET /stylesheets/style.css HTTP/1.1" 304 - "http://localhost:3000/post" "Mozilla/5.0 (Macintosh; Intel Mac OS X 10_11_4) AppleWebKit/537.36 (KHTML, like Gecko) Chrome/47.0.2526.111 Safari/537.36"
::1 - - [Tue, 19 Jan 2016 04:23:27 GMT] "POST /post HTTP/1.1" 302 46 "http://localhost:3000/post" "Mozilla/5.0 (Macintosh; Intel Mac OS X 10_11_4) AppleWebKit/537.36 (KHTML, like Gecko) Chrome/47.0.2526.111 Safari/537.36"
::1 - - [Tue, 19 Jan 2016 04:23:28 GMT] "GET / HTTP/1.1" 200 2362 "http://localhost:3000/post" "Mozilla/5.0 (Macintosh; Intel Mac OS X 10_11_4) AppleWebKit/537.36 (KHTML, like Gecko) Chrome/47.0.2526.111 Safari/537.36"
::1 - - [Tue, 19 Jan 2016 04:23:28 GMT] "GET /stylesheets/style.css HTTP/1.1" 304 - "http://localhost:3000/" "Mozilla/5.0 (Macintosh; Intel Mac OS X 10_11_4) AppleWebKit/537.36 (KHTML, like Gecko) Chrome/47.0.2526.111 Safari/537.36"
::1 - - [Tue, 19 Jan 2016 04:29:09 GMT] "GET / HTTP/1.1" 200 2326 "-" "Mozilla/5.0 (Macintosh; Intel Mac OS X 10_11_4) AppleWebKit/537.36 (KHTML, like Gecko) Chrome/47.0.2526.111 Safari/537.36"
::1 - - [Tue, 19 Jan 2016 04:29:09 GMT] "GET /stylesheets/style.css HTTP/1.1" 304 - "http://localhost:3000/" "Mozilla/5.0 (Macintosh; Intel Mac OS X 10_11_4) AppleWebKit/537.36 (KHTML, like Gecko) Chrome/47.0.2526.111 Safari/537.36"
::1 - - [Tue, 19 Jan 2016 04:29:13 GMT] "GET /logout HTTP/1.1" 302 46 "http://localhost:3000/" "Mozilla/5.0 (Macintosh; Intel Mac OS X 10_11_4) AppleWebKit/537.36 (KHTML, like Gecko) Chrome/47.0.2526.111 Safari/537.36"
::1 - - [Tue, 19 Jan 2016 04:29:13 GMT] "GET / HTTP/1.1" 304 - "http://localhost:3000/" "Mozilla/5.0 (Macintosh; Intel Mac OS X 10_11_4) AppleWebKit/537.36 (KHTML, like Gecko) Chrome/47.0.2526.111 Safari/537.36"
::1 - - [Tue, 19 Jan 2016 04:29:13 GMT] "GET /stylesheets/style.css HTTP/1.1" 304 - "http://localhost:3000/" "Mozilla/5.0 (Macintosh; Intel Mac OS X 10_11_4) AppleWebKit/537.36 (KHTML, like Gecko) Chrome/47.0.2526.111 Safari/537.36"
::1 - - [Tue, 19 Jan 2016 04:29:15 GMT] "GET /logout HTTP/1.1" 302 46 "http://localhost:3000/" "Mozilla/5.0 (Macintosh; Intel Mac OS X 10_11_4) AppleWebKit/537.36 (KHTML, like Gecko) Chrome/47.0.2526.111 Safari/537.36"
::1 - - [Tue, 19 Jan 2016 04:29:15 GMT] "GET / HTTP/1.1" 200 2305 "http://localhost:3000/" "Mozilla/5.0 (Macintosh; Intel Mac OS X 10_11_4) AppleWebKit/537.36 (KHTML, like Gecko) Chrome/47.0.2526.111 Safari/537.36"
::1 - - [Tue, 19 Jan 2016 04:29:15 GMT] "GET /stylesheets/style.css HTTP/1.1" 304 - "http://localhost:3000/" "Mozilla/5.0 (Macintosh; Intel Mac OS X 10_11_4) AppleWebKit/537.36 (KHTML, like Gecko) Chrome/47.0.2526.111 Safari/537.36"
::1 - - [Tue, 19 Jan 2016 04:29:17 GMT] "GET /register HTTP/1.1" 200 1089 "http://localhost:3000/" "Mozilla/5.0 (Macintosh; Intel Mac OS X 10_11_4) AppleWebKit/537.36 (KHTML, like Gecko) Chrome/47.0.2526.111 Safari/537.36"
::1 - - [Tue, 19 Jan 2016 04:29:17 GMT] "GET /stylesheets/style.css HTTP/1.1" 304 - "http://localhost:3000/register" "Mozilla/5.0 (Macintosh; Intel Mac OS X 10_11_4) AppleWebKit/537.36 (KHTML, like Gecko) Chrome/47.0.2526.111 Safari/537.36"
::1 - - [Tue, 19 Jan 2016 04:30:44 GMT] "GET /register HTTP/1.1" 304 - "-" "Mozilla/5.0 (Macintosh; Intel Mac OS X 10_11_4) AppleWebKit/537.36 (KHTML, like Gecko) Chrome/47.0.2526.111 Safari/537.36"
::1 - - [Tue, 19 Jan 2016 04:30:44 GMT] "GET /stylesheets/style.css HTTP/1.1" 304 - "http://localhost:3000/register" "Mozilla/5.0 (Macintosh; Intel Mac OS X 10_11_4) AppleWebKit/537.36 (KHTML, like Gecko) Chrome/47.0.2526.111 Safari/537.36"
::1 - - [Tue, 19 Jan 2016 04:31:04 GMT] "POST /register HTTP/1.1" 302 46 "http://localhost:3000/register" "Mozilla/5.0 (Macintosh; Intel Mac OS X 10_11_4) AppleWebKit/537.36 (KHTML, like Gecko) Chrome/47.0.2526.111 Safari/537.36"
::1 - - [Tue, 19 Jan 2016 04:31:04 GMT] "GET / HTTP/1.1" 200 2305 "http://localhost:3000/register" "Mozilla/5.0 (Macintosh; Intel Mac OS X 10_11_4) AppleWebKit/537.36 (KHTML, like Gecko) Chrome/47.0.2526.111 Safari/537.36"
::1 - - [Tue, 19 Jan 2016 04:31:04 GMT] "GET /stylesheets/style.css HTTP/1.1" 304 - "http://localhost:3000/" "Mozilla/5.0 (Macintosh; Intel Mac OS X 10_11_4) AppleWebKit/537.36 (KHTML, like Gecko) Chrome/47.0.2526.111 Safari/537.36"
::1 - - [Tue, 19 Jan 2016 04:40:11 GMT] "GET / HTTP/1.1" 500 2045 "-" "Mozilla/5.0 (Macintosh; Intel Mac OS X 10_11_4) AppleWebKit/537.36 (KHTML, like Gecko) Chrome/47.0.2526.111 Safari/537.36"
::1 - - [Tue, 19 Jan 2016 04:40:45 GMT] "GET / HTTP/1.1" 200 826 "-" "Mozilla/5.0 (Macintosh; Intel Mac OS X 10_11_4) AppleWebKit/537.36 (KHTML, like Gecko) Chrome/47.0.2526.111 Safari/537.36"
::1 - - [Tue, 19 Jan 2016 04:40:45 GMT] "GET /stylesheets/style.css HTTP/1.1" 304 - "http://localhost:3000/" "Mozilla/5.0 (Macintosh; Intel Mac OS X 10_11_4) AppleWebKit/537.36 (KHTML, like Gecko) Chrome/47.0.2526.111 Safari/537.36"
::1 - - [Tue, 19 Jan 2016 04:40:48 GMT] "GET /login HTTP/1.1" 200 970 "http://localhost:3000/" "Mozilla/5.0 (Macintosh; Intel Mac OS X 10_11_4) AppleWebKit/537.36 (KHTML, like Gecko) Chrome/47.0.2526.111 Safari/537.36"
::1 - - [Tue, 19 Jan 2016 04:40:48 GMT] "GET /stylesheets/style.css HTTP/1.1" 304 - "http://localhost:3000/login" "Mozilla/5.0 (Macintosh; Intel Mac OS X 10_11_4) AppleWebKit/537.36 (KHTML, like Gecko) Chrome/47.0.2526.111 Safari/537.36"
::1 - - [Tue, 19 Jan 2016 04:40:55 GMT] "POST /login HTTP/1.1" 302 46 "http://localhost:3000/login" "Mozilla/5.0 (Macintosh; Intel Mac OS X 10_11_4) AppleWebKit/537.36 (KHTML, like Gecko) Chrome/47.0.2526.111 Safari/537.36"
::1 - - [Tue, 19 Jan 2016 04:40:56 GMT] "GET / HTTP/1.1" 200 919 "http://localhost:3000/login" "Mozilla/5.0 (Macintosh; Intel Mac OS X 10_11_4) AppleWebKit/537.36 (KHTML, like Gecko) Chrome/47.0.2526.111 Safari/537.36"
::1 - - [Tue, 19 Jan 2016 04:40:56 GMT] "GET /stylesheets/style.css HTTP/1.1" 304 - "http://localhost:3000/" "Mozilla/5.0 (Macintosh; Intel Mac OS X 10_11_4) AppleWebKit/537.36 (KHTML, like Gecko) Chrome/47.0.2526.111 Safari/537.36"
::1 - - [Tue, 19 Jan 2016 04:40:58 GMT] "GET /post HTTP/1.1" 200 1174 "http://localhost:3000/" "Mozilla/5.0 (Macintosh; Intel Mac OS X 10_11_4) AppleWebKit/537.36 (KHTML, like Gecko) Chrome/47.0.2526.111 Safari/537.36"
::1 - - [Tue, 19 Jan 2016 04:40:58 GMT] "GET /stylesheets/style.css HTTP/1.1" 304 - "http://localhost:3000/post" "Mozilla/5.0 (Macintosh; Intel Mac OS X 10_11_4) AppleWebKit/537.36 (KHTML, like Gecko) Chrome/47.0.2526.111 Safari/537.36"
::1 - - [Tue, 19 Jan 2016 04:41:25 GMT] "POST /post HTTP/1.1" 302 46 "http://localhost:3000/post" "Mozilla/5.0 (Macintosh; Intel Mac OS X 10_11_4) AppleWebKit/537.36 (KHTML, like Gecko) Chrome/47.0.2526.111 Safari/537.36"
::1 - - [Tue, 19 Jan 2016 04:41:26 GMT] "GET / HTTP/1.1" 200 1460 "http://localhost:3000/post" "Mozilla/5.0 (Macintosh; Intel Mac OS X 10_11_4) AppleWebKit/537.36 (KHTML, like Gecko) Chrome/47.0.2526.111 Safari/537.36"
::1 - - [Tue, 19 Jan 2016 04:41:26 GMT] "GET /stylesheets/style.css HTTP/1.1" 304 - "http://localhost:3000/" "Mozilla/5.0 (Macintosh; Intel Mac OS X 10_11_4) AppleWebKit/537.36 (KHTML, like Gecko) Chrome/47.0.2526.111 Safari/537.36"
::1 - - [Tue, 19 Jan 2016 04:41:52 GMT] "GET /u/test3/2016-1-18/%E4%BA%B2%E7%88%B1%E7%9A%84%EF%BC%8C%E6%88%91%E7%88%B1%E4%BD%A0 HTTP/1.1" 500 2034 "http://localhost:3000/" "Mozilla/5.0 (Macintosh; Intel Mac OS X 10_11_4) AppleWebKit/537.36 (KHTML, like Gecko) Chrome/47.0.2526.111 Safari/537.36"
::1 - - [Tue, 19 Jan 2016 04:42:35 GMT] "GET /u/test3/2016-1-18/%E4%BA%B2%E7%88%B1%E7%9A%84%EF%BC%8C%E6%88%91%E7%88%B1%E4%BD%A0 HTTP/1.1" 500 2034 "-" "Mozilla/5.0 (Macintosh; Intel Mac OS X 10_11_4) AppleWebKit/537.36 (KHTML, like Gecko) Chrome/47.0.2526.111 Safari/537.36"
::1 - - [Tue, 19 Jan 2016 04:42:44 GMT] "GET /u/test3/2016-1-18/%E4%BA%B2%E7%88%B1%E7%9A%84%EF%BC%8C%E6%88%91%E7%88%B1%E4%BD%A0 HTTP/1.1" 200 1808 "-" "Mozilla/5.0 (Macintosh; Intel Mac OS X 10_11_4) AppleWebKit/537.36 (KHTML, like Gecko) Chrome/47.0.2526.111 Safari/537.36"
::1 - - [Tue, 19 Jan 2016 04:42:44 GMT] "GET /stylesheets/style.css HTTP/1.1" 304 - "http://localhost:3000/u/test3/2016-1-18/%E4%BA%B2%E7%88%B1%E7%9A%84%EF%BC%8C%E6%88%91%E7%88%B1%E4%BD%A0" "Mozilla/5.0 (Macintosh; Intel Mac OS X 10_11_4) AppleWebKit/537.36 (KHTML, like Gecko) Chrome/47.0.2526.111 Safari/537.36"
::1 - - [Tue, 19 Jan 2016 04:42:53 GMT] "POST /u/test3/2016-1-18/%E4%BA%B2%E7%88%B1%E7%9A%84%EF%BC%8C%E6%88%91%E7%88%B1%E4%BD%A0 HTTP/1.1" 302 250 "http://localhost:3000/u/test3/2016-1-18/%E4%BA%B2%E7%88%B1%E7%9A%84%EF%BC%8C%E6%88%91%E7%88%B1%E4%BD%A0" "Mozilla/5.0 (Macintosh; Intel Mac OS X 10_11_4) AppleWebKit/537.36 (KHTML, like Gecko) Chrome/47.0.2526.111 Safari/537.36"
::1 - - [Tue, 19 Jan 2016 04:42:54 GMT] "GET /u/test3/2016-1-18/%E4%BA%B2%E7%88%B1%E7%9A%84%EF%BC%8C%E6%88%91%E7%88%B1%E4%BD%A0 HTTP/1.1" 200 2103 "http://localhost:3000/u/test3/2016-1-18/%E4%BA%B2%E7%88%B1%E7%9A%84%EF%BC%8C%E6%88%91%E7%88%B1%E4%BD%A0" "Mozilla/5.0 (Macintosh; Intel Mac OS X 10_11_4) AppleWebKit/537.36 (KHTML, like Gecko) Chrome/47.0.2526.111 Safari/537.36"
::1 - - [Tue, 19 Jan 2016 04:42:54 GMT] "GET /stylesheets/style.css HTTP/1.1" 304 - "http://localhost:3000/u/test3/2016-1-18/%E4%BA%B2%E7%88%B1%E7%9A%84%EF%BC%8C%E6%88%91%E7%88%B1%E4%BD%A0" "Mozilla/5.0 (Macintosh; Intel Mac OS X 10_11_4) AppleWebKit/537.36 (KHTML, like Gecko) Chrome/47.0.2526.111 Safari/537.36"
::1 - - [Tue, 19 Jan 2016 04:42:58 GMT] "GET /tags/%E7%88%B1%E4%BD%A0 HTTP/1.1" 200 1061 "http://localhost:3000/u/test3/2016-1-18/%E4%BA%B2%E7%88%B1%E7%9A%84%EF%BC%8C%E6%88%91%E7%88%B1%E4%BD%A0" "Mozilla/5.0 (Macintosh; Intel Mac OS X 10_11_4) AppleWebKit/537.36 (KHTML, like Gecko) Chrome/47.0.2526.111 Safari/537.36"
::1 - - [Tue, 19 Jan 2016 04:42:58 GMT] "GET /stylesheets/style.css HTTP/1.1" 304 - "http://localhost:3000/tags/%E7%88%B1%E4%BD%A0" "Mozilla/5.0 (Macintosh; Intel Mac OS X 10_11_4) AppleWebKit/537.36 (KHTML, like Gecko) Chrome/47.0.2526.111 Safari/537.36"
::1 - - [Tue, 19 Jan 2016 04:43:01 GMT] "GET /archive HTTP/1.1" 200 1057 "http://localhost:3000/tags/%E7%88%B1%E4%BD%A0" "Mozilla/5.0 (Macintosh; Intel Mac OS X 10_11_4) AppleWebKit/537.36 (KHTML, like Gecko) Chrome/47.0.2526.111 Safari/537.36"
::1 - - [Tue, 19 Jan 2016 04:43:02 GMT] "GET /stylesheets/style.css HTTP/1.1" 304 - "http://localhost:3000/archive" "Mozilla/5.0 (Macintosh; Intel Mac OS X 10_11_4) AppleWebKit/537.36 (KHTML, like Gecko) Chrome/47.0.2526.111 Safari/537.36"
::1 - - [Tue, 19 Jan 2016 04:43:04 GMT] "GET /tags HTTP/1.1" 200 1017 "http://localhost:3000/archive" "Mozilla/5.0 (Macintosh; Intel Mac OS X 10_11_4) AppleWebKit/537.36 (KHTML, like Gecko) Chrome/47.0.2526.111 Safari/537.36"
::1 - - [Tue, 19 Jan 2016 04:43:04 GMT] "GET /stylesheets/style.css HTTP/1.1" 304 - "http://localhost:3000/tags" "Mozilla/5.0 (Macintosh; Intel Mac OS X 10_11_4) AppleWebKit/537.36 (KHTML, like Gecko) Chrome/47.0.2526.111 Safari/537.36"
::1 - - [Tue, 19 Jan 2016 04:43:06 GMT] "GET /links HTTP/1.1" 200 1041 "http://localhost:3000/tags" "Mozilla/5.0 (Macintosh; Intel Mac OS X 10_11_4) AppleWebKit/537.36 (KHTML, like Gecko) Chrome/47.0.2526.111 Safari/537.36"
::1 - - [Tue, 19 Jan 2016 04:43:06 GMT] "GET /stylesheets/style.css HTTP/1.1" 304 - "http://localhost:3000/links" "Mozilla/5.0 (Macintosh; Intel Mac OS X 10_11_4) AppleWebKit/537.36 (KHTML, like Gecko) Chrome/47.0.2526.111 Safari/537.36"
::1 - - [Tue, 19 Jan 2016 04:43:10 GMT] "GET / HTTP/1.1" 200 1424 "http://localhost:3000/links" "Mozilla/5.0 (Macintosh; Intel Mac OS X 10_11_4) AppleWebKit/537.36 (KHTML, like Gecko) Chrome/47.0.2526.111 Safari/537.36"
::1 - - [Tue, 19 Jan 2016 04:43:10 GMT] "GET /stylesheets/style.css HTTP/1.1" 304 - "http://localhost:3000/" "Mozilla/5.0 (Macintosh; Intel Mac OS X 10_11_4) AppleWebKit/537.36 (KHTML, like Gecko) Chrome/47.0.2526.111 Safari/537.36"
::1 - - [Tue, 19 Jan 2016 04:47:44 GMT] "GET / HTTP/1.1" 304 - "http://localhost:3000/" "Mozilla/5.0 (Macintosh; Intel Mac OS X 10_11_4) AppleWebKit/537.36 (KHTML, like Gecko) Chrome/47.0.2526.111 Safari/537.36"
::1 - - [Tue, 19 Jan 2016 04:47:44 GMT] "GET /stylesheets/style.css HTTP/1.1" 304 - "http://localhost:3000/" "Mozilla/5.0 (Macintosh; Intel Mac OS X 10_11_4) AppleWebKit/537.36 (KHTML, like Gecko) Chrome/47.0.2526.111 Safari/537.36"
::1 - - [Tue, 19 Jan 2016 04:47:46 GMT] "GET /u/test3/2016-1-18/%E4%BA%B2%E7%88%B1%E7%9A%84%EF%BC%8C%E6%88%91%E7%88%B1%E4%BD%A0 HTTP/1.1" 200 2067 "http://localhost:3000/" "Mozilla/5.0 (Macintosh; Intel Mac OS X 10_11_4) AppleWebKit/537.36 (KHTML, like Gecko) Chrome/47.0.2526.111 Safari/537.36"
::1 - - [Tue, 19 Jan 2016 04:47:46 GMT] "GET /stylesheets/style.css HTTP/1.1" 304 - "http://localhost:3000/u/test3/2016-1-18/%E4%BA%B2%E7%88%B1%E7%9A%84%EF%BC%8C%E6%88%91%E7%88%B1%E4%BD%A0" "Mozilla/5.0 (Macintosh; Intel Mac OS X 10_11_4) AppleWebKit/537.36 (KHTML, like Gecko) Chrome/47.0.2526.111 Safari/537.36"
::1 - - [Tue, 19 Jan 2016 04:47:51 GMT] "GET /remove/u/test3/2016-1-18/%E4%BA%B2%E7%88%B1%E7%9A%84%EF%BC%8C%E6%88%91%E7%88%B1%E4%BD%A0 HTTP/1.1" 302 46 "http://localhost:3000/u/test3/2016-1-18/%E4%BA%B2%E7%88%B1%E7%9A%84%EF%BC%8C%E6%88%91%E7%88%B1%E4%BD%A0" "Mozilla/5.0 (Macintosh; Intel Mac OS X 10_11_4) AppleWebKit/537.36 (KHTML, like Gecko) Chrome/47.0.2526.111 Safari/537.36"
::1 - - [Tue, 19 Jan 2016 04:47:52 GMT] "GET / HTTP/1.1" 200 917 "http://localhost:3000/u/test3/2016-1-18/%E4%BA%B2%E7%88%B1%E7%9A%84%EF%BC%8C%E6%88%91%E7%88%B1%E4%BD%A0" "Mozilla/5.0 (Macintosh; Intel Mac OS X 10_11_4) AppleWebKit/537.36 (KHTML, like Gecko) Chrome/47.0.2526.111 Safari/537.36"
::1 - - [Tue, 19 Jan 2016 04:47:52 GMT] "GET /stylesheets/style.css HTTP/1.1" 304 - "http://localhost:3000/" "Mozilla/5.0 (Macintosh; Intel Mac OS X 10_11_4) AppleWebKit/537.36 (KHTML, like Gecko) Chrome/47.0.2526.111 Safari/537.36"
::1 - - [Tue, 19 Jan 2016 04:48:05 GMT] "GET /logout HTTP/1.1" 302 46 "http://localhost:3000/" "Mozilla/5.0 (Macintosh; Intel Mac OS X 10_11_4) AppleWebKit/537.36 (KHTML, like Gecko) Chrome/47.0.2526.111 Safari/537.36"
::1 - - [Tue, 19 Jan 2016 04:48:06 GMT] "GET / HTTP/1.1" 200 862 "http://localhost:3000/" "Mozilla/5.0 (Macintosh; Intel Mac OS X 10_11_4) AppleWebKit/537.36 (KHTML, like Gecko) Chrome/47.0.2526.111 Safari/537.36"
::1 - - [Tue, 19 Jan 2016 04:48:06 GMT] "GET /stylesheets/style.css HTTP/1.1" 304 - "http://localhost:3000/" "Mozilla/5.0 (Macintosh; Intel Mac OS X 10_11_4) AppleWebKit/537.36 (KHTML, like Gecko) Chrome/47.0.2526.111 Safari/537.36"
::1 - - [Tue, 19 Jan 2016 04:48:08 GMT] "GET /register HTTP/1.1" 200 1125 "http://localhost:3000/" "Mozilla/5.0 (Macintosh; Intel Mac OS X 10_11_4) AppleWebKit/537.36 (KHTML, like Gecko) Chrome/47.0.2526.111 Safari/537.36"
::1 - - [Tue, 19 Jan 2016 04:48:08 GMT] "GET /stylesheets/style.css HTTP/1.1" 304 - "http://localhost:3000/register" "Mozilla/5.0 (Macintosh; Intel Mac OS X 10_11_4) AppleWebKit/537.36 (KHTML, like Gecko) Chrome/47.0.2526.111 Safari/537.36"
::1 - - [Tue, 19 Jan 2016 04:48:20 GMT] "POST /register HTTP/1.1" 302 46 "http://localhost:3000/register" "Mozilla/5.0 (Macintosh; Intel Mac OS X 10_11_4) AppleWebKit/537.36 (KHTML, like Gecko) Chrome/47.0.2526.111 Safari/537.36"
::1 - - [Tue, 19 Jan 2016 04:48:20 GMT] "GET / HTTP/1.1" 200 862 "http://localhost:3000/register" "Mozilla/5.0 (Macintosh; Intel Mac OS X 10_11_4) AppleWebKit/537.36 (KHTML, like Gecko) Chrome/47.0.2526.111 Safari/537.36"
::1 - - [Tue, 19 Jan 2016 04:48:21 GMT] "GET /stylesheets/style.css HTTP/1.1" 304 - "http://localhost:3000/" "Mozilla/5.0 (Macintosh; Intel Mac OS X 10_11_4) AppleWebKit/537.36 (KHTML, like Gecko) Chrome/47.0.2526.111 Safari/537.36"
::1 - - [Tue, 19 Jan 2016 04:48:22 GMT] "GET /login HTTP/1.1" 200 970 "http://localhost:3000/" "Mozilla/5.0 (Macintosh; Intel Mac OS X 10_11_4) AppleWebKit/537.36 (KHTML, like Gecko) Chrome/47.0.2526.111 Safari/537.36"
::1 - - [Tue, 19 Jan 2016 04:48:22 GMT] "GET /stylesheets/style.css HTTP/1.1" 304 - "http://localhost:3000/login" "Mozilla/5.0 (Macintosh; Intel Mac OS X 10_11_4) AppleWebKit/537.36 (KHTML, like Gecko) Chrome/47.0.2526.111 Safari/537.36"
::1 - - [Tue, 19 Jan 2016 04:48:28 GMT] "POST /login HTTP/1.1" 302 46 "http://localhost:3000/login" "Mozilla/5.0 (Macintosh; Intel Mac OS X 10_11_4) AppleWebKit/537.36 (KHTML, like Gecko) Chrome/47.0.2526.111 Safari/537.36"
::1 - - [Tue, 19 Jan 2016 04:48:29 GMT] "GET / HTTP/1.1" 200 919 "http://localhost:3000/login" "Mozilla/5.0 (Macintosh; Intel Mac OS X 10_11_4) AppleWebKit/537.36 (KHTML, like Gecko) Chrome/47.0.2526.111 Safari/537.36"
::1 - - [Tue, 19 Jan 2016 04:48:29 GMT] "GET /stylesheets/style.css HTTP/1.1" 304 - "http://localhost:3000/" "Mozilla/5.0 (Macintosh; Intel Mac OS X 10_11_4) AppleWebKit/537.36 (KHTML, like Gecko) Chrome/47.0.2526.111 Safari/537.36"
::1 - - [Tue, 19 Jan 2016 04:48:33 GMT] "GET /post HTTP/1.1" 200 1174 "http://localhost:3000/" "Mozilla/5.0 (Macintosh; Intel Mac OS X 10_11_4) AppleWebKit/537.36 (KHTML, like Gecko) Chrome/47.0.2526.111 Safari/537.36"
::1 - - [Tue, 19 Jan 2016 04:48:33 GMT] "GET /stylesheets/style.css HTTP/1.1" 304 - "http://localhost:3000/post" "Mozilla/5.0 (Macintosh; Intel Mac OS X 10_11_4) AppleWebKit/537.36 (KHTML, like Gecko) Chrome/47.0.2526.111 Safari/537.36"
::1 - - [Tue, 19 Jan 2016 04:48:45 GMT] "POST /post HTTP/1.1" 302 46 "http://localhost:3000/post" "Mozilla/5.0 (Macintosh; Intel Mac OS X 10_11_4) AppleWebKit/537.36 (KHTML, like Gecko) Chrome/47.0.2526.111 Safari/537.36"
::1 - - [Tue, 19 Jan 2016 04:48:46 GMT] "GET / HTTP/1.1" 200 1360 "http://localhost:3000/post" "Mozilla/5.0 (Macintosh; Intel Mac OS X 10_11_4) AppleWebKit/537.36 (KHTML, like Gecko) Chrome/47.0.2526.111 Safari/537.36"
::1 - - [Tue, 19 Jan 2016 04:48:46 GMT] "GET /stylesheets/style.css HTTP/1.1" 304 - "http://localhost:3000/" "Mozilla/5.0 (Macintosh; Intel Mac OS X 10_11_4) AppleWebKit/537.36 (KHTML, like Gecko) Chrome/47.0.2526.111 Safari/537.36"
::1 - - [Tue, 19 Jan 2016 04:48:51 GMT] "GET /links HTTP/1.1" 304 - "http://localhost:3000/" "Mozilla/5.0 (Macintosh; Intel Mac OS X 10_11_4) AppleWebKit/537.36 (KHTML, like Gecko) Chrome/47.0.2526.111 Safari/537.36"
::1 - - [Tue, 19 Jan 2016 04:48:51 GMT] "GET /stylesheets/style.css HTTP/1.1" 304 - "http://localhost:3000/links" "Mozilla/5.0 (Macintosh; Intel Mac OS X 10_11_4) AppleWebKit/537.36 (KHTML, like Gecko) Chrome/47.0.2526.111 Safari/537.36"
::1 - - [Tue, 19 Jan 2016 04:48:56 GMT] "GET / HTTP/1.1" 200 1324 "http://localhost:3000/links" "Mozilla/5.0 (Macintosh; Intel Mac OS X 10_11_4) AppleWebKit/537.36 (KHTML, like Gecko) Chrome/47.0.2526.111 Safari/537.36"
::1 - - [Tue, 19 Jan 2016 04:48:56 GMT] "GET /stylesheets/style.css HTTP/1.1" 304 - "http://localhost:3000/" "Mozilla/5.0 (Macintosh; Intel Mac OS X 10_11_4) AppleWebKit/537.36 (KHTML, like Gecko) Chrome/47.0.2526.111 Safari/537.36"
::1 - - [Tue, 19 Jan 2016 04:49:01 GMT] "GET /search?keyword=hi HTTP/1.1" 200 1022 "http://localhost:3000/" "Mozilla/5.0 (Macintosh; Intel Mac OS X 10_11_4) AppleWebKit/537.36 (KHTML, like Gecko) Chrome/47.0.2526.111 Safari/537.36"
::1 - - [Tue, 19 Jan 2016 04:49:01 GMT] "GET /stylesheets/style.css HTTP/1.1" 304 - "http://localhost:3000/search?keyword=hi" "Mozilla/5.0 (Macintosh; Intel Mac OS X 10_11_4) AppleWebKit/537.36 (KHTML, like Gecko) Chrome/47.0.2526.111 Safari/537.36"
::1 - - [Tue, 19 Jan 2016 04:54:12 GMT] "GET / HTTP/1.1" 304 - "-" "Mozilla/5.0 (Macintosh; Intel Mac OS X 10_11_4) AppleWebKit/537.36 (KHTML, like Gecko) Chrome/47.0.2526.111 Safari/537.36"
::1 - - [Tue, 19 Jan 2016 04:54:12 GMT] "GET /stylesheets/style.css HTTP/1.1" 304 - "http://localhost:3000/" "Mozilla/5.0 (Macintosh; Intel Mac OS X 10_11_4) AppleWebKit/537.36 (KHTML, like Gecko) Chrome/47.0.2526.111 Safari/537.36"
::1 - - [Tue, 19 Jan 2016 04:54:28 GMT] "GET / HTTP/1.1" 304 - "http://localhost:3000/" "Mozilla/5.0 (Macintosh; Intel Mac OS X 10_11_4) AppleWebKit/537.36 (KHTML, like Gecko) Chrome/47.0.2526.111 Safari/537.36"
::1 - - [Tue, 19 Jan 2016 04:54:28 GMT] "GET /stylesheets/style.css HTTP/1.1" 304 - "http://localhost:3000/" "Mozilla/5.0 (Macintosh; Intel Mac OS X 10_11_4) AppleWebKit/537.36 (KHTML, like Gecko) Chrome/47.0.2526.111 Safari/537.36"
::1 - - [Tue, 19 Jan 2016 04:54:29 GMT] "GET /archive HTTP/1.1" 200 1019 "http://localhost:3000/" "Mozilla/5.0 (Macintosh; Intel Mac OS X 10_11_4) AppleWebKit/537.36 (KHTML, like Gecko) Chrome/47.0.2526.111 Safari/537.36"
::1 - - [Tue, 19 Jan 2016 04:54:29 GMT] "GET /stylesheets/style.css HTTP/1.1" 304 - "http://localhost:3000/archive" "Mozilla/5.0 (Macintosh; Intel Mac OS X 10_11_4) AppleWebKit/537.36 (KHTML, like Gecko) Chrome/47.0.2526.111 Safari/537.36"
::1 - - [Tue, 19 Jan 2016 04:54:31 GMT] "GET /tags HTTP/1.1" 200 989 "http://localhost:3000/archive" "Mozilla/5.0 (Macintosh; Intel Mac OS X 10_11_4) AppleWebKit/537.36 (KHTML, like Gecko) Chrome/47.0.2526.111 Safari/537.36"
::1 - - [Tue, 19 Jan 2016 04:54:31 GMT] "GET /stylesheets/style.css HTTP/1.1" 304 - "http://localhost:3000/tags" "Mozilla/5.0 (Macintosh; Intel Mac OS X 10_11_4) AppleWebKit/537.36 (KHTML, like Gecko) Chrome/47.0.2526.111 Safari/537.36"
::1 - - [Tue, 19 Jan 2016 04:54:32 GMT] "GET /links HTTP/1.1" 304 - "http://localhost:3000/tags" "Mozilla/5.0 (Macintosh; Intel Mac OS X 10_11_4) AppleWebKit/537.36 (KHTML, like Gecko) Chrome/47.0.2526.111 Safari/537.36"
::1 - - [Tue, 19 Jan 2016 04:54:32 GMT] "GET /stylesheets/style.css HTTP/1.1" 304 - "http://localhost:3000/links" "Mozilla/5.0 (Macintosh; Intel Mac OS X 10_11_4) AppleWebKit/537.36 (KHTML, like Gecko) Chrome/47.0.2526.111 Safari/537.36"
::1 - - [Tue, 19 Jan 2016 04:54:33 GMT] "GET /upload HTTP/1.1" 200 1163 "http://localhost:3000/links" "Mozilla/5.0 (Macintosh; Intel Mac OS X 10_11_4) AppleWebKit/537.36 (KHTML, like Gecko) Chrome/47.0.2526.111 Safari/537.36"
::1 - - [Tue, 19 Jan 2016 04:54:33 GMT] "GET /stylesheets/style.css HTTP/1.1" 304 - "http://localhost:3000/upload" "Mozilla/5.0 (Macintosh; Intel Mac OS X 10_11_4) AppleWebKit/537.36 (KHTML, like Gecko) Chrome/47.0.2526.111 Safari/537.36"
::1 - - [Tue, 19 Jan 2016 04:54:34 GMT] "GET /post HTTP/1.1" 200 1174 "http://localhost:3000/upload" "Mozilla/5.0 (Macintosh; Intel Mac OS X 10_11_4) AppleWebKit/537.36 (KHTML, like Gecko) Chrome/47.0.2526.111 Safari/537.36"
::1 - - [Tue, 19 Jan 2016 04:54:34 GMT] "GET /stylesheets/style.css HTTP/1.1" 304 - "http://localhost:3000/post" "Mozilla/5.0 (Macintosh; Intel Mac OS X 10_11_4) AppleWebKit/537.36 (KHTML, like Gecko) Chrome/47.0.2526.111 Safari/537.36"
::1 - - [Tue, 19 Jan 2016 04:54:35 GMT] "GET /logout HTTP/1.1" 302 46 "http://localhost:3000/post" "Mozilla/5.0 (Macintosh; Intel Mac OS X 10_11_4) AppleWebKit/537.36 (KHTML, like Gecko) Chrome/47.0.2526.111 Safari/537.36"
::1 - - [Tue, 19 Jan 2016 04:54:36 GMT] "GET / HTTP/1.1" 200 1303 "http://localhost:3000/post" "Mozilla/5.0 (Macintosh; Intel Mac OS X 10_11_4) AppleWebKit/537.36 (KHTML, like Gecko) Chrome/47.0.2526.111 Safari/537.36"
::1 - - [Tue, 19 Jan 2016 04:54:36 GMT] "GET /stylesheets/style.css HTTP/1.1" 304 - "http://localhost:3000/" "Mozilla/5.0 (Macintosh; Intel Mac OS X 10_11_4) AppleWebKit/537.36 (KHTML, like Gecko) Chrome/47.0.2526.111 Safari/537.36"
::1 - - [Tue, 19 Jan 2016 05:18:04 GMT] "GET /register HTTP/1.1" 200 1089 "-" "Mozilla/5.0 (Macintosh; Intel Mac OS X 10_11_4) AppleWebKit/537.36 (KHTML, like Gecko) Chrome/47.0.2526.111 Safari/537.36"
::1 - - [Tue, 19 Jan 2016 05:18:04 GMT] "GET /stylesheets/style.css HTTP/1.1" 200 2001 "http://localhost:3000/register" "Mozilla/5.0 (Macintosh; Intel Mac OS X 10_11_4) AppleWebKit/537.36 (KHTML, like Gecko) Chrome/47.0.2526.111 Safari/537.36"
::1 - - [Tue, 19 Jan 2016 05:18:06 GMT] "GET / HTTP/1.1" 200 1267 "http://localhost:3000/register" "Mozilla/5.0 (Macintosh; Intel Mac OS X 10_11_4) AppleWebKit/537.36 (KHTML, like Gecko) Chrome/47.0.2526.111 Safari/537.36"
::1 - - [Tue, 19 Jan 2016 05:18:06 GMT] "GET /stylesheets/style.css HTTP/1.1" 304 - "http://localhost:3000/" "Mozilla/5.0 (Macintosh; Intel Mac OS X 10_11_4) AppleWebKit/537.36 (KHTML, like Gecko) Chrome/47.0.2526.111 Safari/537.36"
::ffff:127.0.0.1 - - [Wed, 27 Jan 2016 03:36:40 GMT] "GET / HTTP/1.1" - - "-" "Mozilla/5.0 (Macintosh; Intel Mac OS X 10.11; rv:42.0) Gecko/20100101 Firefox/42.0"
::ffff:127.0.0.1 - - [Wed, 27 Jan 2016 03:37:04 GMT] "GET / HTTP/1.1" 200 1267 "-" "Mozilla/5.0 (Macintosh; Intel Mac OS X 10.11; rv:42.0) Gecko/20100101 Firefox/42.0"
::ffff:127.0.0.1 - - [Wed, 27 Jan 2016 03:37:04 GMT] "GET /stylesheets/style.css HTTP/1.1" 200 2001 "http://localhost:3000/" "Mozilla/5.0 (Macintosh; Intel Mac OS X 10.11; rv:42.0) Gecko/20100101 Firefox/42.0"
::ffff:127.0.0.1 - - [Wed, 27 Jan 2016 03:37:11 GMT] "GET /archive HTTP/1.1" 200 962 "http://localhost:3000/" "Mozilla/5.0 (Macintosh; Intel Mac OS X 10.11; rv:42.0) Gecko/20100101 Firefox/42.0"
::ffff:127.0.0.1 - - [Wed, 27 Jan 2016 03:37:11 GMT] "GET /stylesheets/style.css HTTP/1.1" 304 - "http://localhost:3000/archive" "Mozilla/5.0 (Macintosh; Intel Mac OS X 10.11; rv:42.0) Gecko/20100101 Firefox/42.0"
::ffff:127.0.0.1 - - [Wed, 27 Jan 2016 03:37:13 GMT] "GET /tags HTTP/1.1" 200 932 "http://localhost:3000/archive" "Mozilla/5.0 (Macintosh; Intel Mac OS X 10.11; rv:42.0) Gecko/20100101 Firefox/42.0"
::ffff:127.0.0.1 - - [Wed, 27 Jan 2016 03:37:13 GMT] "GET /stylesheets/style.css HTTP/1.1" 304 - "http://localhost:3000/tags" "Mozilla/5.0 (Macintosh; Intel Mac OS X 10.11; rv:42.0) Gecko/20100101 Firefox/42.0"
::ffff:127.0.0.1 - - [Wed, 27 Jan 2016 03:37:15 GMT] "GET /links HTTP/1.1" 200 984 "http://localhost:3000/tags" "Mozilla/5.0 (Macintosh; Intel Mac OS X 10.11; rv:42.0) Gecko/20100101 Firefox/42.0"
::ffff:127.0.0.1 - - [Wed, 27 Jan 2016 03:37:15 GMT] "GET /stylesheets/style.css HTTP/1.1" 304 - "http://localhost:3000/links" "Mozilla/5.0 (Macintosh; Intel Mac OS X 10.11; rv:42.0) Gecko/20100101 Firefox/42.0"
::ffff:127.0.0.1 - - [Wed, 27 Jan 2016 03:37:16 GMT] "GET /login HTTP/1.1" 200 970 "http://localhost:3000/links" "Mozilla/5.0 (Macintosh; Intel Mac OS X 10.11; rv:42.0) Gecko/20100101 Firefox/42.0"
::ffff:127.0.0.1 - - [Wed, 27 Jan 2016 03:37:16 GMT] "GET /stylesheets/style.css HTTP/1.1" 304 - "http://localhost:3000/login" "Mozilla/5.0 (Macintosh; Intel Mac OS X 10.11; rv:42.0) Gecko/20100101 Firefox/42.0"
::ffff:127.0.0.1 - - [Wed, 27 Jan 2016 03:37:19 GMT] "GET / HTTP/1.1" 304 - "http://localhost:3000/login" "Mozilla/5.0 (Macintosh; Intel Mac OS X 10.11; rv:42.0) Gecko/20100101 Firefox/42.0"
::ffff:127.0.0.1 - - [Wed, 27 Jan 2016 03:37:19 GMT] "GET /stylesheets/style.css HTTP/1.1" 304 - "http://localhost:3000/" "Mozilla/5.0 (Macintosh; Intel Mac OS X 10.11; rv:42.0) Gecko/20100101 Firefox/42.0"
::ffff:127.0.0.1 - - [Wed, 27 Jan 2016 03:37:20 GMT] "GET /tags HTTP/1.1" 304 - "http://localhost:3000/" "Mozilla/5.0 (Macintosh; Intel Mac OS X 10.11; rv:42.0) Gecko/20100101 Firefox/42.0"
::ffff:127.0.0.1 - - [Wed, 27 Jan 2016 03:37:21 GMT] "GET /stylesheets/style.css HTTP/1.1" 304 - "http://localhost:3000/tags" "Mozilla/5.0 (Macintosh; Intel Mac OS X 10.11; rv:42.0) Gecko/20100101 Firefox/42.0"
::ffff:127.0.0.1 - - [Wed, 27 Jan 2016 03:37:21 GMT] "GET /links HTTP/1.1" 304 - "http://localhost:3000/tags" "Mozilla/5.0 (Macintosh; Intel Mac OS X 10.11; rv:42.0) Gecko/20100101 Firefox/42.0"
::ffff:127.0.0.1 - - [Wed, 27 Jan 2016 03:37:21 GMT] "GET /stylesheets/style.css HTTP/1.1" 304 - "http://localhost:3000/links" "Mozilla/5.0 (Macintosh; Intel Mac OS X 10.11; rv:42.0) Gecko/20100101 Firefox/42.0"
::ffff:127.0.0.1 - - [Wed, 27 Jan 2016 03:37:27 GMT] "GET /login HTTP/1.1" - - "http://localhost:3000/links" "Mozilla/5.0 (Macintosh; Intel Mac OS X 10.11; rv:42.0) Gecko/20100101 Firefox/42.0"
::ffff:127.0.0.1 - - [Wed, 27 Jan 2016 03:37:29 GMT] "GET / HTTP/1.1" 304 - "http://localhost:3000/links" "Mozilla/5.0 (Macintosh; Intel Mac OS X 10.11; rv:42.0) Gecko/20100101 Firefox/42.0"
::ffff:127.0.0.1 - - [Wed, 27 Jan 2016 03:37:29 GMT] "GET /stylesheets/style.css HTTP/1.1" 304 - "http://localhost:3000/" "Mozilla/5.0 (Macintosh; Intel Mac OS X 10.11; rv:42.0) Gecko/20100101 Firefox/42.0"
::ffff:127.0.0.1 - - [Wed, 27 Jan 2016 03:37:30 GMT] "GET /archive HTTP/1.1" 304 - "http://localhost:3000/" "Mozilla/5.0 (Macintosh; Intel Mac OS X 10.11; rv:42.0) Gecko/20100101 Firefox/42.0"
::ffff:127.0.0.1 - - [Wed, 27 Jan 2016 03:37:30 GMT] "GET /stylesheets/style.css HTTP/1.1" 304 - "http://localhost:3000/archive" "Mozilla/5.0 (Macintosh; Intel Mac OS X 10.11; rv:42.0) Gecko/20100101 Firefox/42.0"
::ffff:127.0.0.1 - - [Wed, 27 Jan 2016 03:37:32 GMT] "GET /tags HTTP/1.1" 304 - "http://localhost:3000/archive" "Mozilla/5.0 (Macintosh; Intel Mac OS X 10.11; rv:42.0) Gecko/20100101 Firefox/42.0"
::ffff:127.0.0.1 - - [Wed, 27 Jan 2016 03:37:32 GMT] "GET /stylesheets/style.css HTTP/1.1" 304 - "http://localhost:3000/tags" "Mozilla/5.0 (Macintosh; Intel Mac OS X 10.11; rv:42.0) Gecko/20100101 Firefox/42.0"
::1 - - [Sun, 31 Jan 2016 02:45:07 GMT] "GET / HTTP/1.1" 200 1267 "-" "Mozilla/5.0 (Macintosh; Intel Mac OS X 10_11_4) AppleWebKit/537.36 (KHTML, like Gecko) Chrome/47.0.2526.111 Safari/537.36"
::1 - - [Sun, 31 Jan 2016 02:45:07 GMT] "GET /stylesheets/style.css HTTP/1.1" 200 2001 "http://localhost:3000/" "Mozilla/5.0 (Macintosh; Intel Mac OS X 10_11_4) AppleWebKit/537.36 (KHTML, like Gecko) Chrome/47.0.2526.111 Safari/537.36"
